#
# There is insufficient memory for the Java Runtime Environment to continue.
# Native memory allocation (mmap) failed to map 503316480 bytes for committing reserved memory.
# Possible reasons:
#   The system is out of physical RAM or swap space
#   The process is running with CompressedOops enabled, and the Java Heap may be blocking the growth of the native heap
# Possible solutions:
#   Reduce memory load on the system
#   Increase physical memory or swap space
#   Check if swap backing store is full
#   Decrease Java heap size (-Xmx/-Xms)
#   Decrease number of Java threads
#   Decrease Java thread stack sizes (-Xss)
#   Set larger code cache with -XX:ReservedCodeCacheSize=
#   JVM is running with Unscaled Compressed Oops mode in which the Java heap is
#     placed in the first 4GB address space. The Java Heap base address is the
#     maximum limit for the native heap growth. Please use -XX:HeapBaseMinAddress
#     to set the Java Heap base and to place the Java Heap above 4GB virtual address.
# This output file may be truncated or incomplete.
#
#  Out of Memory Error (os_linux.cpp:2647), pid=9588, tid=9627
#
# JRE version: Java(TM) SE Runtime Environment (9.0+11) (build 9.0.4+11)
# Java VM: Java HotSpot(TM) 64-Bit Server VM (9.0.4+11, mixed mode, tiered, compressed oops, g1 gc, linux-amd64)
# Core dump will be written. Default location: Core dumps may be processed with "/usr/share/apport/apport %p %s %c %d %P" (or dumping to /home/ayub/Projects/api/core.9588)
#

---------------  S U M M A R Y ------------

Command Line: -Ddebug -XX:TieredStopAtLevel=1 -Xverify:none -Dspring.output.ansi.enabled=always -Dcom.sun.management.jmxremote -Dcom.sun.management.jmxremote.port=42231 -Dcom.sun.management.jmxremote.authenticate=false -Dcom.sun.management.jmxremote.ssl=false -Djava.rmi.server.hostname=localhost -Dspring.liveBeansView.mbeanDomain -Dspring.application.admin.enabled=true -javaagent:/opt/IntelliJ/idea-IU-173.4548.28/lib/idea_rt.jar=44285:/opt/IntelliJ/idea-IU-173.4548.28/bin -Dfile.encoding=UTF-8 com.iknowaguy.ApiApplication

Host: AMD A10-6800K APU with Radeon(tm) HD Graphics, 4 cores, 7G, Ubuntu 17.10
Time: Wed Mar  7 05:18:30 2018 EST elapsed time: 92 seconds (0d 0h 1m 32s)

---------------  T H R E A D  ---------------

Current thread (0x00007f8260150000):  VMThread "VM Thread" [stack: 0x00007f824422a000,0x00007f824432a000] [id=9627]

Stack: [0x00007f824422a000,0x00007f824432a000],  sp=0x00007f8244328020,  free space=1016k
Native frames: (J=compiled Java code, A=aot compiled Java code, j=interpreted, Vv=VM code, C=native code)
V  [libjvm.so+0xd4c6c2]  VMError::report_and_die(int, char const*, char const*, __va_list_tag*, Thread*, unsigned char*, void*, void*, char const*, int, unsigned long)+0x162
V  [libjvm.so+0xd4d32b]  VMError::report_and_die(Thread*, char const*, int, unsigned long, VMErrorType, char const*, __va_list_tag*)+0x2b
V  [libjvm.so+0x654ac8]  report_vm_out_of_memory(char const*, int, unsigned long, VMErrorType, char const*, ...)+0xd8
V  [libjvm.so+0xb68241]  os::pd_commit_memory_or_exit(char*, unsigned long, unsigned long, bool, char const*)+0x101
V  [libjvm.so+0xb628cd]  os::commit_memory_or_exit(char*, unsigned long, unsigned long, bool, char const*)+0x1d
V  [libjvm.so+0x763492]  G1PageBasedVirtualSpace::commit_preferred_pages(unsigned long, unsigned long)+0x62
V  [libjvm.so+0x7637ae]  G1PageBasedVirtualSpace::commit(unsigned long, unsigned long)+0x11e
V  [libjvm.so+0x766713]  G1RegionsLargerThanCommitSizeMapper::commit_regions(unsigned int, unsigned long, WorkGang*)+0x43
V  [libjvm.so+0x7f760c]  HeapRegionManager::commit_regions(unsigned int, unsigned long, WorkGang*)+0x7c
V  [libjvm.so+0x7f81d4]  HeapRegionManager::make_regions_available(unsigned int, unsigned int, WorkGang*)+0x34
V  [libjvm.so+0x7f86f1]  HeapRegionManager::expand_by(unsigned int, WorkGang*)+0x71
V  [libjvm.so+0x729a87]  G1CollectedHeap::expand(unsigned long, WorkGang*, double*)+0xd7
V  [libjvm.so+0x7309ca]  G1CollectedHeap::do_collection_pause_at_safepoint(double)+0x104a
V  [libjvm.so+0xd5e4c2]  VM_G1IncCollectionPause::doit()+0x82
V  [libjvm.so+0xd5d4f9]  VM_Operation::evaluate()+0x59
V  [libjvm.so+0xd5b243]  VMThread::evaluate_operation(VM_Operation*)+0xc3
V  [libjvm.so+0xd5b7b0]  VMThread::loop()+0x210
V  [libjvm.so+0xd5bcc2]  VMThread::run()+0x72
V  [libjvm.so+0xb6e132]  thread_native_entry(Thread*)+0xf2

VM_Operation (0x00007f81cbbfd5d0): G1IncCollectionPause, mode: safepoint, requested by thread 0x00007f81d07f2000


---------------  P R O C E S S  ---------------

Java Threads: ( => current thread )
  0x00007f8260016800 JavaThread "DestroyJavaVM" [_thread_blocked, id=9592, stack(0x00007f8268d37000,0x00007f8268e37000)]
  0x00007f81d09ef800 JavaThread "http-nio-8080-AsyncTimeout" daemon [_thread_blocked, id=9712, stack(0x00007f81c8d8e000,0x00007f81c8e8f000)]
  0x00007f81d09ee000 JavaThread "http-nio-8080-Acceptor-0" daemon [_thread_in_native, id=9711, stack(0x00007f81c8e8f000,0x00007f81c8f90000)]
  0x00007f81d09e9800 JavaThread "http-nio-8080-ClientPoller-1" daemon [_thread_blocked, id=9710, stack(0x00007f81c8f90000,0x00007f81c9091000)]
  0x00007f81d09cf800 JavaThread "http-nio-8080-ClientPoller-0" daemon [_thread_blocked, id=9709, stack(0x00007f81c9091000,0x00007f81c9192000)]
  0x00007f81d09b3800 JavaThread "http-nio-8080-exec-10" daemon [_thread_blocked, id=9708, stack(0x00007f81c9192000,0x00007f81c9293000)]
  0x00007f81d09b1800 JavaThread "http-nio-8080-exec-9" daemon [_thread_blocked, id=9707, stack(0x00007f81c9293000,0x00007f81c9394000)]
  0x00007f81d09af800 JavaThread "http-nio-8080-exec-8" daemon [_thread_blocked, id=9706, stack(0x00007f81c9394000,0x00007f81c9495000)]
  0x00007f81d09ad800 JavaThread "http-nio-8080-exec-7" daemon [_thread_blocked, id=9705, stack(0x00007f81c9495000,0x00007f81c9596000)]
  0x00007f81d09ac000 JavaThread "http-nio-8080-exec-6" daemon [_thread_blocked, id=9704, stack(0x00007f81c9596000,0x00007f81c9697000)]
  0x00007f81d09aa800 JavaThread "http-nio-8080-exec-5" daemon [_thread_blocked, id=9703, stack(0x00007f81c9697000,0x00007f81c9798000)]
  0x00007f81d09a8800 JavaThread "http-nio-8080-exec-4" daemon [_thread_blocked, id=9702, stack(0x00007f81c9798000,0x00007f81c9899000)]
  0x00007f81d09a7000 JavaThread "http-nio-8080-exec-3" daemon [_thread_blocked, id=9701, stack(0x00007f81c9899000,0x00007f81c999a000)]
  0x00007f81d09a5000 JavaThread "http-nio-8080-exec-2" daemon [_thread_blocked, id=9700, stack(0x00007f81c999a000,0x00007f81c9a9b000)]
  0x00007f81d09a4000 JavaThread "http-nio-8080-exec-1" daemon [_thread_blocked, id=9699, stack(0x00007f81c9a9b000,0x00007f81c9b9c000)]
  0x00007f81d09a2000 JavaThread "NioBlockingSelector.BlockPoller-1" daemon [_thread_blocked, id=9698, stack(0x00007f82146bc000,0x00007f82147bd000)]
  0x00007f81d0476800 JavaThread "Live Reload Server" daemon [_thread_in_native, id=9696, stack(0x00007f81c9d9c000,0x00007f81c9e9d000)]
  0x00007f81d07f2000 JavaThread "File Watcher" daemon [_thread_blocked, id=9694, stack(0x00007f81cbaff000,0x00007f81cbc00000)]
  0x00007f81d07f5000 JavaThread "container-0" [_thread_blocked, id=9691, stack(0x00007f81ca29d000,0x00007f81ca39e000)]
  0x00007f81d07f2800 JavaThread "ContainerBackgroundProcessor[StandardEngine[Tomcat]]" daemon [_thread_blocked, id=9690, stack(0x00007f81ca39e000,0x00007f81ca49f000)]
  0x00007f81c4425000 JavaThread "CleanCursors-1-thread-1" daemon [_thread_blocked, id=9683, stack(0x00007f81ca69f000,0x00007f81ca7a0000)]
  0x00007f81c441d800 JavaThread "cluster-ClusterId{value='5a9fbc436eddc8257434ffb4', description='null'}-localhost:27017" daemon [_thread_blocked, id=9682, stack(0x00007f81ca7a0000,0x00007f81ca8a1000)]
  0x00007f81e8018000 JavaThread "SimplePauseDetectorThread_0" daemon [_thread_blocked, id=9681, stack(0x00007f81caca1000,0x00007f81cada2000)]
  0x00007f81e8016000 JavaThread "Thread-4" daemon [_thread_blocked, id=9680, stack(0x00007f81cada2000,0x00007f81caea3000)]
  0x00007f8260648000 JavaThread "RMI TCP Accept-0" daemon [_thread_in_native, id=9658, stack(0x00007f8214cc0000,0x00007f8214dc1000)]
  0x00007f8260632800 JavaThread "RMI TCP Accept-42231" daemon [_thread_in_native, id=9657, stack(0x00007f8214fc1000,0x00007f82150c2000)]
  0x00007f8260623000 JavaThread "RMI TCP Accept-0" daemon [_thread_in_native, id=9656, stack(0x00007f82150c2000,0x00007f82151c3000)]
  0x00007f826052b800 JavaThread "Service Thread" daemon [_thread_blocked, id=9651, stack(0x00007f82157d0000,0x00007f82158d1000)]
  0x00007f826052a000 JavaThread "Monitor Ctrl-Break" daemon [_thread_in_native, id=9650, stack(0x00007f82158d1000,0x00007f82159d2000)]
  0x00007f82601ab800 JavaThread "Common-Cleaner" daemon [_thread_blocked, id=9643, stack(0x00007f82159d2000,0x00007f8215ad3000)]
  0x00007f8260185000 JavaThread "Sweeper thread" daemon [_thread_blocked, id=9642, stack(0x00007f8215eff000,0x00007f8216000000)]
  0x00007f8260183000 JavaThread "C1 CompilerThread2" daemon [_thread_blocked, id=9641, stack(0x00007f821c07f000,0x00007f821c180000)]
  0x00007f8260181000 JavaThread "C1 CompilerThread1" daemon [_thread_blocked, id=9639, stack(0x00007f821c180000,0x00007f821c281000)]
  0x00007f826017d000 JavaThread "C1 CompilerThread0" daemon [_thread_blocked, id=9636, stack(0x00007f821c281000,0x00007f821c382000)]
  0x00007f826017f000 JavaThread "Signal Dispatcher" daemon [_thread_blocked, id=9633, stack(0x00007f821c382000,0x00007f821c483000)]
  0x00007f8260162000 JavaThread "Finalizer" daemon [_thread_blocked, id=9631, stack(0x00007f8244027000,0x00007f8244128000)]
  0x00007f826015a000 JavaThread "Reference Handler" daemon [_thread_blocked, id=9629, stack(0x00007f8244128000,0x00007f8244229000)]

Other Threads:
=>0x00007f8260150000 VMThread "VM Thread" [stack: 0x00007f824422a000,0x00007f824432a000] [id=9627]
  0x00007f826064e800 WatcherThread [stack: 0x00007f8214bc0000,0x00007f8214cc0000] [id=9659]
  0x00007f826002e000 GCTaskThread "GC Thread#0" [stack: 0x00007f8265158000,0x00007f8265258000] [id=9602]
  0x00007f826002f800 GCTaskThread "GC Thread#1" [stack: 0x00007f8265057000,0x00007f8265157000] [id=9605]
  0x00007f8260031000 GCTaskThread "GC Thread#2" [stack: 0x00007f8264f56000,0x00007f8265056000] [id=9606]
  0x00007f8260033000 GCTaskThread "GC Thread#3" [stack: 0x00007f8264e55000,0x00007f8264f55000] [id=9608]
  0x00007f826005f000 ConcurrentGCThread "G1 Main Marker" [stack: 0x00007f82640c1000,0x00007f82641c1000] [id=9622]
  0x00007f8260060800 ConcurrentGCThread "G1 Marker#0" [stack: 0x00007f8244fa5000,0x00007f82450a5000] [id=9623]
  0x00007f826003a000 ConcurrentGCThread "G1 Refine#0" [stack: 0x00007f826464d000,0x00007f826474d000] [id=9615]
  0x00007f8260038800 ConcurrentGCThread "G1 Refine#1" [stack: 0x00007f826474e000,0x00007f826484e000] [id=9613]
  0x00007f8260036800 ConcurrentGCThread "G1 Refine#2" [stack: 0x00007f826484f000,0x00007f826494f000] [id=9611]
  0x00007f8260035000 ConcurrentGCThread "G1 Refine#3" [stack: 0x00007f8264950000,0x00007f8264a50000] [id=9610]
  0x00007f826003c000 ConcurrentGCThread "G1 Young RemSet Sampling" [stack: 0x00007f826454c000,0x00007f826464c000] [id=9618]

Threads with active compile tasks:

VM state:at safepoint (normal execution)

VM Mutex/Monitor currently owned by a thread:  ([mutex/lock_event])
[0x00007f8260012d30] Threads_lock - owner thread: 0x00007f8260150000
[0x00007f82600132d0] Heap_lock - owner thread: 0x00007f81d07f2000

Heap address: 0x000000008ec00000, size: 1812 MB, Compressed Oops mode: 32-bit
Narrow klass base: 0x0000000000000000, Narrow klass shift: 3
Compressed class space size: 1073741824 Address: 0x0000000100000000

Heap:
 garbage-first heap   total 737280K, used 175407K [0x000000008ec00000, 0x000000008ed01680, 0x0000000100000000)
  region size 1024K, 4 young (4096K), 4 survivors (4096K)
 Metaspace       used 51429K, capacity 55378K, committed 55452K, reserved 1097728K
  class space    used 6679K, capacity 7311K, committed 7324K, reserved 1048576K
Heap Regions: E=young(eden), S=young(survivor), O=old, HS=humongous(starts), HC=humongous(continues), CS=collection set, F=free, A=archive, TS=gc time stamp, AC=allocation context, TAMS=top-at-mark-start (previous, next)
|   0|0x000000008ec00000, 0x000000008ed00000, 0x000000008ed00000|100%| O|  |TS  0|AC  0|TAMS 0x000000008ed00000, 0x000000008ed00000|
|   1|0x000000008ed00000, 0x000000008ee00000, 0x000000008ee00000|100%| O|  |TS  0|AC  0|TAMS 0x000000008ee00000, 0x000000008ee00000|
|   2|0x000000008ee00000, 0x000000008ef00000, 0x000000008ef00000|100%| O|  |TS  0|AC  0|TAMS 0x000000008ef00000, 0x000000008ef00000|
|   3|0x000000008ef00000, 0x000000008f000000, 0x000000008f000000|100%| O|  |TS  0|AC  0|TAMS 0x000000008f000000, 0x000000008f000000|
|   4|0x000000008f000000, 0x000000008f100000, 0x000000008f100000|100%| O|  |TS  0|AC  0|TAMS 0x000000008f100000, 0x000000008f100000|
|   5|0x000000008f100000, 0x000000008f200000, 0x000000008f200000|100%| O|  |TS  0|AC  0|TAMS 0x000000008f200000, 0x000000008f200000|
|   6|0x000000008f200000, 0x000000008f300000, 0x000000008f300000|100%| O|  |TS  1|AC  0|TAMS 0x000000008f200000, 0x000000008f200000|
|   7|0x000000008f300000, 0x000000008f400000, 0x000000008f400000|100%| O|  |TS  0|AC  0|TAMS 0x000000008f400000, 0x000000008f400000|
|   8|0x000000008f400000, 0x000000008f500000, 0x000000008f500000|100%| O|  |TS  0|AC  0|TAMS 0x000000008f500000, 0x000000008f500000|
|   9|0x000000008f500000, 0x000000008f600000, 0x000000008f600000|100%| O|  |TS  0|AC  0|TAMS 0x000000008f600000, 0x000000008f600000|
|  10|0x000000008f600000, 0x000000008f700000, 0x000000008f700000|100%| O|  |TS  0|AC  0|TAMS 0x000000008f700000, 0x000000008f700000|
|  11|0x000000008f700000, 0x000000008f800000, 0x000000008f800000|100%| O|  |TS  0|AC  0|TAMS 0x000000008f800000, 0x000000008f800000|
|  12|0x000000008f800000, 0x000000008f900000, 0x000000008f900000|100%| O|  |TS  0|AC  0|TAMS 0x000000008f900000, 0x000000008f900000|
|  13|0x000000008f900000, 0x000000008fa00000, 0x000000008fa00000|100%| O|  |TS  0|AC  0|TAMS 0x000000008fa00000, 0x000000008fa00000|
|  14|0x000000008fa00000, 0x000000008fb00000, 0x000000008fb00000|100%| O|  |TS  0|AC  0|TAMS 0x000000008fb00000, 0x000000008fb00000|
|  15|0x000000008fb00000, 0x000000008fc00000, 0x000000008fc00000|100%| O|  |TS  0|AC  0|TAMS 0x000000008fc00000, 0x000000008fc00000|
|  16|0x000000008fc00000, 0x000000008fd00000, 0x000000008fd00000|100%| O|  |TS  0|AC  0|TAMS 0x000000008fd00000, 0x000000008fd00000|
|  17|0x000000008fd00000, 0x000000008fe00000, 0x000000008fe00000|100%| O|  |TS  0|AC  0|TAMS 0x000000008fe00000, 0x000000008fe00000|
|  18|0x000000008fe00000, 0x000000008ff00000, 0x000000008ff00000|100%| O|  |TS  0|AC  0|TAMS 0x000000008ff00000, 0x000000008ff00000|
|  19|0x000000008ff00000, 0x0000000090000000, 0x0000000090000000|100%| O|  |TS  0|AC  0|TAMS 0x0000000090000000, 0x0000000090000000|
|  20|0x0000000090000000, 0x0000000090100000, 0x0000000090100000|100%| O|  |TS  0|AC  0|TAMS 0x0000000090100000, 0x0000000090100000|
|  21|0x0000000090100000, 0x0000000090200000, 0x0000000090200000|100%| O|  |TS  0|AC  0|TAMS 0x0000000090200000, 0x0000000090200000|
|  22|0x0000000090200000, 0x0000000090300000, 0x0000000090300000|100%| O|  |TS  0|AC  0|TAMS 0x0000000090300000, 0x0000000090300000|
|  23|0x0000000090300000, 0x0000000090400000, 0x0000000090400000|100%| O|  |TS  0|AC  0|TAMS 0x0000000090400000, 0x0000000090400000|
|  24|0x0000000090400000, 0x0000000090500000, 0x0000000090500000|100%| O|  |TS  0|AC  0|TAMS 0x0000000090500000, 0x0000000090500000|
|  25|0x0000000090500000, 0x0000000090600000, 0x0000000090600000|100%| O|  |TS  0|AC  0|TAMS 0x0000000090600000, 0x0000000090600000|
|  26|0x0000000090600000, 0x0000000090700000, 0x0000000090700000|100%| O|  |TS  0|AC  0|TAMS 0x0000000090700000, 0x0000000090700000|
|  27|0x0000000090700000, 0x0000000090800000, 0x0000000090800000|100%| O|  |TS  0|AC  0|TAMS 0x0000000090800000, 0x0000000090800000|
|  28|0x0000000090800000, 0x0000000090900000, 0x0000000090900000|100%| O|  |TS  0|AC  0|TAMS 0x0000000090900000, 0x0000000090900000|
|  29|0x0000000090900000, 0x0000000090a00000, 0x0000000090a00000|100%| O|  |TS  0|AC  0|TAMS 0x0000000090a00000, 0x0000000090a00000|
|  30|0x0000000090a00000, 0x0000000090b00000, 0x0000000090b00000|100%| O|  |TS  0|AC  0|TAMS 0x0000000090b00000, 0x0000000090b00000|
|  31|0x0000000090b00000, 0x0000000090c00000, 0x0000000090c00000|100%| O|  |TS  0|AC  0|TAMS 0x0000000090c00000, 0x0000000090c00000|
|  32|0x0000000090c00000, 0x0000000090d00000, 0x0000000090d00000|100%| O|  |TS  0|AC  0|TAMS 0x0000000090d00000, 0x0000000090d00000|
|  33|0x0000000090d00000, 0x0000000090e00000, 0x0000000090e00000|100%| O|  |TS  0|AC  0|TAMS 0x0000000090e00000, 0x0000000090e00000|
|  34|0x0000000090e00000, 0x0000000090f00000, 0x0000000090f00000|100%| O|  |TS  0|AC  0|TAMS 0x0000000090f00000, 0x0000000090f00000|
|  35|0x0000000090f00000, 0x0000000091000000, 0x0000000091000000|100%| O|  |TS  0|AC  0|TAMS 0x0000000091000000, 0x0000000091000000|
|  36|0x0000000091000000, 0x0000000091100000, 0x0000000091100000|100%| O|  |TS  0|AC  0|TAMS 0x0000000091100000, 0x0000000091100000|
|  37|0x0000000091100000, 0x0000000091200000, 0x0000000091200000|100%| O|  |TS  0|AC  0|TAMS 0x0000000091200000, 0x0000000091200000|
|  38|0x0000000091200000, 0x0000000091300000, 0x0000000091300000|100%| O|  |TS  0|AC  0|TAMS 0x0000000091300000, 0x0000000091300000|
|  39|0x0000000091300000, 0x0000000091400000, 0x0000000091400000|100%| O|  |TS  0|AC  0|TAMS 0x0000000091400000, 0x0000000091400000|
|  40|0x0000000091400000, 0x0000000091500000, 0x0000000091500000|100%| O|  |TS  0|AC  0|TAMS 0x0000000091500000, 0x0000000091500000|
|  41|0x0000000091500000, 0x0000000091600000, 0x0000000091600000|100%| O|  |TS  0|AC  0|TAMS 0x0000000091600000, 0x0000000091600000|
|  42|0x0000000091600000, 0x0000000091700000, 0x0000000091700000|100%| O|  |TS  0|AC  0|TAMS 0x0000000091700000, 0x0000000091700000|
|  43|0x0000000091700000, 0x0000000091800000, 0x0000000091800000|100%| O|  |TS  0|AC  0|TAMS 0x0000000091800000, 0x0000000091800000|
|  44|0x0000000091800000, 0x0000000091900000, 0x0000000091900000|100%| O|  |TS  0|AC  0|TAMS 0x0000000091900000, 0x0000000091900000|
|  45|0x0000000091900000, 0x0000000091a00000, 0x0000000091a00000|100%| O|  |TS  0|AC  0|TAMS 0x0000000091a00000, 0x0000000091a00000|
|  46|0x0000000091a00000, 0x0000000091b00000, 0x0000000091b00000|100%| O|  |TS  0|AC  0|TAMS 0x0000000091b00000, 0x0000000091b00000|
|  47|0x0000000091b00000, 0x0000000091c00000, 0x0000000091c00000|100%| O|  |TS  1|AC  0|TAMS 0x0000000091b00000, 0x0000000091b00000|
|  48|0x0000000091c00000, 0x0000000091d00000, 0x0000000091d00000|100%| O|  |TS  0|AC  0|TAMS 0x0000000091d00000, 0x0000000091d00000|
|  49|0x0000000091d00000, 0x0000000091e00000, 0x0000000091e00000|100%| O|  |TS  0|AC  0|TAMS 0x0000000091e00000, 0x0000000091e00000|
|  50|0x0000000091e00000, 0x0000000091f00000, 0x0000000091f00000|100%| O|  |TS  0|AC  0|TAMS 0x0000000091f00000, 0x0000000091f00000|
|  51|0x0000000091f00000, 0x0000000092000000, 0x0000000092000000|100%| O|  |TS  7|AC  0|TAMS 0x0000000091f00000, 0x0000000091f00000|
|  52|0x0000000092000000, 0x0000000092100000, 0x0000000092100000|100%| O|  |TS  3|AC  0|TAMS 0x0000000092000000, 0x0000000092000000|
|  53|0x0000000092100000, 0x0000000092200000, 0x0000000092200000|100%| O|  |TS  0|AC  0|TAMS 0x0000000092200000, 0x0000000092200000|
|  54|0x0000000092200000, 0x0000000092300000, 0x0000000092300000|100%| O|  |TS  3|AC  0|TAMS 0x0000000092200000, 0x0000000092200000|
|  55|0x0000000092300000, 0x0000000092400000, 0x0000000092400000|100%| O|  |TS  0|AC  0|TAMS 0x0000000092400000, 0x0000000092400000|
|  56|0x0000000092400000, 0x0000000092500000, 0x0000000092500000|100%| O|  |TS  0|AC  0|TAMS 0x0000000092500000, 0x0000000092500000|
|  57|0x0000000092500000, 0x0000000092600000, 0x0000000092600000|100%| O|  |TS  3|AC  0|TAMS 0x0000000092500000, 0x0000000092500000|
|  58|0x0000000092600000, 0x0000000092700000, 0x0000000092700000|100%| O|  |TS  7|AC  0|TAMS 0x0000000092600000, 0x0000000092600000|
|  59|0x0000000092700000, 0x0000000092800000, 0x0000000092800000|100%| O|  |TS  0|AC  0|TAMS 0x0000000092800000, 0x0000000092800000|
|  60|0x0000000092800000, 0x0000000092900000, 0x0000000092900000|100%| O|  |TS  0|AC  0|TAMS 0x0000000092900000, 0x0000000092900000|
|  61|0x0000000092900000, 0x0000000092a00000, 0x0000000092a00000|100%| O|  |TS  1|AC  0|TAMS 0x00000000929fb200, 0x00000000929fb200|
|  62|0x0000000092a00000, 0x0000000092b00000, 0x0000000092b00000|100%| O|  |TS  7|AC  0|TAMS 0x0000000092a00000, 0x0000000092a00000|
|  63|0x0000000092b00000, 0x0000000092c00000, 0x0000000092c00000|100%| O|  |TS  0|AC  0|TAMS 0x0000000092c00000, 0x0000000092c00000|
|  64|0x0000000092c00000, 0x0000000092d00000, 0x0000000092d00000|100%| O|  |TS  3|AC  0|TAMS 0x0000000092c00000, 0x0000000092c00000|
|  65|0x0000000092d00000, 0x0000000092e00000, 0x0000000092e00000|100%| O|  |TS  7|AC  0|TAMS 0x0000000092d00000, 0x0000000092d00000|
|  66|0x0000000092e00000, 0x0000000092f00000, 0x0000000092f00000|100%| O|  |TS  9|AC  0|TAMS 0x0000000092e00000, 0x0000000092e00000|
|  67|0x0000000092f00000, 0x0000000093000000, 0x0000000093000000|100%| O|  |TS  9|AC  0|TAMS 0x0000000092f00000, 0x0000000092f00000|
|  68|0x0000000093000000, 0x0000000093100000, 0x0000000093100000|100%| O|  |TS  9|AC  0|TAMS 0x0000000093000000, 0x0000000093000000|
|  69|0x0000000093100000, 0x0000000093200000, 0x0000000093200000|100%| O|  |TS 11|AC  0|TAMS 0x0000000093100000, 0x0000000093100000|
|  70|0x0000000093200000, 0x0000000093300000, 0x0000000093300000|100%| O|  |TS 11|AC  0|TAMS 0x0000000093200000, 0x0000000093200000|
|  71|0x0000000093300000, 0x0000000093400000, 0x0000000093400000|100%| O|  |TS 11|AC  0|TAMS 0x0000000093300000, 0x0000000093300000|
|  72|0x0000000093400000, 0x0000000093500000, 0x0000000093500000|100%| O|  |TS 11|AC  0|TAMS 0x0000000093400000, 0x0000000093400000|
|  73|0x0000000093500000, 0x0000000093600000, 0x0000000093600000|100%| O|  |TS 11|AC  0|TAMS 0x0000000093500000, 0x0000000093500000|
|  74|0x0000000093600000, 0x0000000093700000, 0x0000000093700000|100%| O|  |TS 13|AC  0|TAMS 0x0000000093600000, 0x0000000093600000|
|  75|0x0000000093700000, 0x0000000093800000, 0x0000000093800000|100%| O|  |TS 13|AC  0|TAMS 0x0000000093700000, 0x0000000093700000|
|  76|0x0000000093800000, 0x0000000093900000, 0x0000000093900000|100%| O|  |TS 13|AC  0|TAMS 0x0000000093800000, 0x0000000093800000|
|  77|0x0000000093900000, 0x0000000093a00000, 0x0000000093a00000|100%| O|  |TS 13|AC  0|TAMS 0x0000000093900000, 0x0000000093900000|
|  78|0x0000000093a00000, 0x0000000093b00000, 0x0000000093b00000|100%| O|  |TS 13|AC  0|TAMS 0x0000000093a00000, 0x0000000093a00000|
|  79|0x0000000093b00000, 0x0000000093c00000, 0x0000000093c00000|100%| O|  |TS 15|AC  0|TAMS 0x0000000093b00000, 0x0000000093b00000|
|  80|0x0000000093c00000, 0x0000000093d00000, 0x0000000093d00000|100%| O|  |TS 15|AC  0|TAMS 0x0000000093c00000, 0x0000000093c00000|
|  81|0x0000000093d00000, 0x0000000093e00000, 0x0000000093e00000|100%| O|  |TS 15|AC  0|TAMS 0x0000000093d00000, 0x0000000093d00000|
|  82|0x0000000093e00000, 0x0000000093f00000, 0x0000000093f00000|100%| O|  |TS 15|AC  0|TAMS 0x0000000093e00000, 0x0000000093e00000|
|  83|0x0000000093f00000, 0x0000000094000000, 0x0000000094000000|100%| O|  |TS 17|AC  0|TAMS 0x0000000093f00000, 0x0000000093f00000|
|  84|0x0000000094000000, 0x0000000094100000, 0x0000000094100000|100%| O|  |TS 17|AC  0|TAMS 0x0000000094000000, 0x0000000094000000|
|  85|0x0000000094100000, 0x0000000094200000, 0x0000000094200000|100%| O|  |TS 17|AC  0|TAMS 0x0000000094100000, 0x0000000094100000|
|  86|0x0000000094200000, 0x0000000094300000, 0x0000000094300000|100%| O|  |TS 17|AC  0|TAMS 0x0000000094200000, 0x0000000094200000|
|  87|0x0000000094300000, 0x0000000094400000, 0x0000000094400000|100%| O|  |TS 19|AC  0|TAMS 0x0000000094300000, 0x0000000094300000|
|  88|0x0000000094400000, 0x0000000094500000, 0x0000000094500000|100%| O|  |TS 19|AC  0|TAMS 0x0000000094400000, 0x0000000094400000|
|  89|0x0000000094500000, 0x0000000094600000, 0x0000000094600000|100%| O|  |TS 19|AC  0|TAMS 0x0000000094500000, 0x0000000094500000|
|  90|0x0000000094600000, 0x0000000094700000, 0x0000000094700000|100%| O|  |TS 19|AC  0|TAMS 0x0000000094600000, 0x0000000094600000|
|  91|0x0000000094700000, 0x0000000094800000, 0x0000000094800000|100%| O|  |TS 19|AC  0|TAMS 0x0000000094700000, 0x0000000094700000|
|  92|0x0000000094800000, 0x0000000094900000, 0x0000000094900000|100%| O|  |TS 19|AC  0|TAMS 0x0000000094800000, 0x0000000094800000|
|  93|0x0000000094900000, 0x0000000094a00000, 0x0000000094a00000|100%| O|  |TS 21|AC  0|TAMS 0x0000000094900000, 0x0000000094900000|
|  94|0x0000000094a00000, 0x0000000094b00000, 0x0000000094b00000|100%| O|  |TS 21|AC  0|TAMS 0x0000000094a00000, 0x0000000094a00000|
|  95|0x0000000094b00000, 0x0000000094c00000, 0x0000000094c00000|100%| O|  |TS 21|AC  0|TAMS 0x0000000094b00000, 0x0000000094b00000|
|  96|0x0000000094c00000, 0x0000000094d00000, 0x0000000094d00000|100%| O|  |TS 21|AC  0|TAMS 0x0000000094c00000, 0x0000000094c00000|
|  97|0x0000000094d00000, 0x0000000094e00000, 0x0000000094e00000|100%| O|  |TS 21|AC  0|TAMS 0x0000000094d00000, 0x0000000094d00000|
|  98|0x0000000094e00000, 0x0000000094f00000, 0x0000000094f00000|100%| O|  |TS 23|AC  0|TAMS 0x0000000094e00000, 0x0000000094e00000|
|  99|0x0000000094f00000, 0x0000000095000000, 0x0000000095000000|100%| O|  |TS 23|AC  0|TAMS 0x0000000094f00000, 0x0000000094f00000|
| 100|0x0000000095000000, 0x0000000095100000, 0x0000000095100000|100%| O|  |TS 23|AC  0|TAMS 0x0000000095000000, 0x0000000095000000|
| 101|0x0000000095100000, 0x0000000095200000, 0x0000000095200000|100%| O|  |TS 23|AC  0|TAMS 0x0000000095100000, 0x0000000095100000|
| 102|0x0000000095200000, 0x0000000095300000, 0x0000000095300000|100%| O|  |TS 23|AC  0|TAMS 0x0000000095200000, 0x0000000095200000|
| 103|0x0000000095300000, 0x0000000095400000, 0x0000000095400000|100%| O|  |TS 23|AC  0|TAMS 0x0000000095300000, 0x0000000095300000|
| 104|0x0000000095400000, 0x0000000095500000, 0x0000000095500000|100%| O|  |TS 25|AC  0|TAMS 0x0000000095400000, 0x0000000095400000|
| 105|0x0000000095500000, 0x0000000095600000, 0x0000000095600000|100%| O|  |TS 25|AC  0|TAMS 0x0000000095500000, 0x0000000095500000|
| 106|0x0000000095600000, 0x0000000095700000, 0x0000000095700000|100%| O|  |TS 25|AC  0|TAMS 0x0000000095600000, 0x0000000095600000|
| 107|0x0000000095700000, 0x0000000095800000, 0x0000000095800000|100%| O|  |TS 25|AC  0|TAMS 0x0000000095700000, 0x0000000095700000|
| 108|0x0000000095800000, 0x0000000095900000, 0x0000000095900000|100%| O|  |TS 25|AC  0|TAMS 0x0000000095800000, 0x0000000095800000|
| 109|0x0000000095900000, 0x0000000095a00000, 0x0000000095a00000|100%| O|  |TS 27|AC  0|TAMS 0x0000000095900000, 0x0000000095900000|
| 110|0x0000000095a00000, 0x0000000095b00000, 0x0000000095b00000|100%| O|  |TS 27|AC  0|TAMS 0x0000000095a00000, 0x0000000095a00000|
| 111|0x0000000095b00000, 0x0000000095c00000, 0x0000000095c00000|100%| O|  |TS 27|AC  0|TAMS 0x0000000095b00000, 0x0000000095b00000|
| 112|0x0000000095c00000, 0x0000000095d00000, 0x0000000095d00000|100%| O|  |TS 27|AC  0|TAMS 0x0000000095c00000, 0x0000000095c00000|
| 113|0x0000000095d00000, 0x0000000095e00000, 0x0000000095e00000|100%| O|  |TS 27|AC  0|TAMS 0x0000000095d00000, 0x0000000095d00000|
| 114|0x0000000095e00000, 0x0000000095f00000, 0x0000000095f00000|100%| O|  |TS 29|AC  0|TAMS 0x0000000095e00000, 0x0000000095e00000|
| 115|0x0000000095f00000, 0x0000000096000000, 0x0000000096000000|100%| O|  |TS 29|AC  0|TAMS 0x0000000095f00000, 0x0000000095f00000|
| 116|0x0000000096000000, 0x0000000096100000, 0x0000000096100000|100%| O|  |TS 29|AC  0|TAMS 0x0000000096000000, 0x0000000096000000|
| 117|0x0000000096100000, 0x0000000096200000, 0x0000000096200000|100%| O|  |TS 29|AC  0|TAMS 0x0000000096100000, 0x0000000096100000|
| 118|0x0000000096200000, 0x0000000096300000, 0x0000000096300000|100%| O|  |TS 29|AC  0|TAMS 0x0000000096200000, 0x0000000096200000|
| 119|0x0000000096300000, 0x0000000096400000, 0x0000000096400000|100%| O|  |TS 31|AC  0|TAMS 0x0000000096300000, 0x0000000096300000|
| 120|0x0000000096400000, 0x0000000096500000, 0x0000000096500000|100%| O|  |TS 31|AC  0|TAMS 0x0000000096400000, 0x0000000096400000|
| 121|0x0000000096500000, 0x0000000096600000, 0x0000000096600000|100%| O|  |TS 31|AC  0|TAMS 0x0000000096500000, 0x0000000096500000|
| 122|0x0000000096600000, 0x0000000096700000, 0x0000000096700000|100%| O|  |TS 31|AC  0|TAMS 0x0000000096600000, 0x0000000096600000|
| 123|0x0000000096700000, 0x0000000096800000, 0x0000000096800000|100%| O|  |TS 31|AC  0|TAMS 0x0000000096700000, 0x0000000096700000|
| 124|0x0000000096800000, 0x0000000096900000, 0x0000000096900000|100%| O|  |TS 33|AC  0|TAMS 0x0000000096800000, 0x0000000096800000|
| 125|0x0000000096900000, 0x0000000096a00000, 0x0000000096a00000|100%| O|  |TS 33|AC  0|TAMS 0x0000000096900000, 0x0000000096900000|
| 126|0x0000000096a00000, 0x0000000096b00000, 0x0000000096b00000|100%| O|  |TS 33|AC  0|TAMS 0x0000000096a00000, 0x0000000096a00000|
| 127|0x0000000096b00000, 0x0000000096c00000, 0x0000000096c00000|100%| O|  |TS 33|AC  0|TAMS 0x0000000096b00000, 0x0000000096b00000|
| 128|0x0000000096c00000, 0x0000000096d00000, 0x0000000096d00000|100%| O|  |TS 35|AC  0|TAMS 0x0000000096c00000, 0x0000000096c00000|
| 129|0x0000000096d00000, 0x0000000096e00000, 0x0000000096e00000|100%| O|  |TS 35|AC  0|TAMS 0x0000000096d00000, 0x0000000096d00000|
| 130|0x0000000096e00000, 0x0000000096f00000, 0x0000000096f00000|100%| O|  |TS 35|AC  0|TAMS 0x0000000096e00000, 0x0000000096e00000|
| 131|0x0000000096f00000, 0x0000000097000000, 0x0000000097000000|100%| O|  |TS 35|AC  0|TAMS 0x0000000096f00000, 0x0000000096f00000|
| 132|0x0000000097000000, 0x0000000097100000, 0x0000000097100000|100%| O|  |TS 37|AC  0|TAMS 0x0000000097000000, 0x0000000097000000|
| 133|0x0000000097100000, 0x0000000097200000, 0x0000000097200000|100%| O|  |TS 37|AC  0|TAMS 0x0000000097100000, 0x0000000097100000|
| 134|0x0000000097200000, 0x0000000097300000, 0x0000000097300000|100%| O|  |TS 37|AC  0|TAMS 0x0000000097200000, 0x0000000097200000|
| 135|0x0000000097300000, 0x0000000097400000, 0x0000000097400000|100%| O|  |TS 37|AC  0|TAMS 0x0000000097300000, 0x0000000097300000|
| 136|0x0000000097400000, 0x0000000097500000, 0x0000000097500000|100%| O|  |TS 39|AC  0|TAMS 0x0000000097400000, 0x0000000097400000|
| 137|0x0000000097500000, 0x0000000097600000, 0x0000000097600000|100%| O|  |TS 39|AC  0|TAMS 0x0000000097500000, 0x0000000097500000|
| 138|0x0000000097600000, 0x0000000097700000, 0x0000000097700000|100%| O|  |TS 39|AC  0|TAMS 0x0000000097600000, 0x0000000097600000|
| 139|0x0000000097700000, 0x0000000097800000, 0x0000000097800000|100%| O|  |TS 41|AC  0|TAMS 0x0000000097700000, 0x0000000097700000|
| 140|0x0000000097800000, 0x0000000097900000, 0x0000000097900000|100%| O|  |TS 41|AC  0|TAMS 0x0000000097800000, 0x0000000097800000|
| 141|0x0000000097900000, 0x0000000097a00000, 0x0000000097a00000|100%| O|  |TS 41|AC  0|TAMS 0x0000000097900000, 0x0000000097900000|
| 142|0x0000000097a00000, 0x0000000097b00000, 0x0000000097b00000|100%| O|  |TS 43|AC  0|TAMS 0x0000000097a00000, 0x0000000097a00000|
| 143|0x0000000097b00000, 0x0000000097c00000, 0x0000000097c00000|100%| O|  |TS 43|AC  0|TAMS 0x0000000097b00000, 0x0000000097b00000|
| 144|0x0000000097c00000, 0x0000000097d00000, 0x0000000097d00000|100%| O|  |TS 43|AC  0|TAMS 0x0000000097c00000, 0x0000000097c00000|
| 145|0x0000000097d00000, 0x0000000097e00000, 0x0000000097e00000|100%| O|  |TS 45|AC  0|TAMS 0x0000000097d00000, 0x0000000097d00000|
| 146|0x0000000097e00000, 0x0000000097f00000, 0x0000000097f00000|100%| O|  |TS 45|AC  0|TAMS 0x0000000097e00000, 0x0000000097e00000|
| 147|0x0000000097f00000, 0x0000000098000000, 0x0000000098000000|100%| O|  |TS 45|AC  0|TAMS 0x0000000097f00000, 0x0000000097f00000|
| 148|0x0000000098000000, 0x0000000098100000, 0x0000000098100000|100%| O|  |TS 47|AC  0|TAMS 0x0000000098000000, 0x0000000098000000|
| 149|0x0000000098100000, 0x0000000098200000, 0x0000000098200000|100%| O|  |TS 47|AC  0|TAMS 0x0000000098100000, 0x0000000098100000|
| 150|0x0000000098200000, 0x0000000098300000, 0x0000000098300000|100%| O|  |TS 49|AC  0|TAMS 0x0000000098200000, 0x0000000098200000|
| 151|0x0000000098300000, 0x0000000098400000, 0x0000000098400000|100%| O|  |TS 49|AC  0|TAMS 0x0000000098300000, 0x0000000098300000|
| 152|0x0000000098400000, 0x0000000098500000, 0x0000000098500000|100%| O|  |TS 51|AC  0|TAMS 0x0000000098400000, 0x0000000098400000|
| 153|0x0000000098500000, 0x0000000098600000, 0x0000000098600000|100%| O|  |TS 51|AC  0|TAMS 0x0000000098500000, 0x0000000098500000|
| 154|0x0000000098600000, 0x0000000098700000, 0x0000000098700000|100%| O|  |TS 53|AC  0|TAMS 0x0000000098600000, 0x0000000098600000|
| 155|0x0000000098700000, 0x0000000098800000, 0x0000000098800000|100%| O|  |TS 53|AC  0|TAMS 0x0000000098700000, 0x0000000098700000|
| 156|0x0000000098800000, 0x0000000098900000, 0x0000000098900000|100%| O|  |TS 55|AC  0|TAMS 0x0000000098800000, 0x0000000098800000|
| 157|0x0000000098900000, 0x0000000098a00000, 0x0000000098a00000|100%| O|  |TS 55|AC  0|TAMS 0x0000000098900000, 0x0000000098900000|
| 158|0x0000000098a00000, 0x0000000098b00000, 0x0000000098b00000|100%| O|  |TS 57|AC  0|TAMS 0x0000000098a00000, 0x0000000098a00000|
| 159|0x0000000098b00000, 0x0000000098c00000, 0x0000000098c00000|100%| O|  |TS 57|AC  0|TAMS 0x0000000098b00000, 0x0000000098b00000|
| 160|0x0000000098c00000, 0x0000000098d00000, 0x0000000098d00000|100%| O|  |TS 61|AC  0|TAMS 0x0000000098c00000, 0x0000000098c00000|
| 161|0x0000000098d00000, 0x0000000098e00000, 0x0000000098e00000|100%| O|  |TS 61|AC  0|TAMS 0x0000000098d00000, 0x0000000098d00000|
| 162|0x0000000098e00000, 0x0000000098f00000, 0x0000000098f00000|100%| O|  |TS 61|AC  0|TAMS 0x0000000098e00000, 0x0000000098e00000|
| 163|0x0000000098f00000, 0x0000000099000000, 0x0000000099000000|100%| O|  |TS 61|AC  0|TAMS 0x0000000098f00000, 0x0000000098f00000|
| 164|0x0000000099000000, 0x0000000099100000, 0x0000000099100000|100%| O|  |TS 63|AC  0|TAMS 0x0000000099000000, 0x0000000099000000|
| 165|0x0000000099100000, 0x0000000099200000, 0x0000000099200000|100%| O|  |TS 63|AC  0|TAMS 0x0000000099100000, 0x0000000099100000|
| 166|0x0000000099200000, 0x0000000099300000, 0x0000000099300000|100%| O|  |TS 63|AC  0|TAMS 0x0000000099200000, 0x0000000099200000|
| 167|0x0000000099300000, 0x000000009934be00, 0x0000000099400000| 29%| O|  |TS 65|AC  0|TAMS 0x0000000099300000, 0x0000000099300000|
| 168|0x0000000099400000, 0x0000000099400000, 0x0000000099500000|  0%| F|  |TS 43|AC  0|TAMS 0x0000000099400000, 0x0000000099400000|
| 169|0x0000000099500000, 0x0000000099500000, 0x0000000099600000|  0%| F|  |TS 43|AC  0|TAMS 0x0000000099500000, 0x0000000099500000|
| 170|0x0000000099600000, 0x0000000099600000, 0x0000000099700000|  0%| F|  |TS 45|AC  0|TAMS 0x0000000099600000, 0x0000000099600000|
| 171|0x0000000099700000, 0x0000000099700000, 0x0000000099800000|  0%| F|  |TS 49|AC  0|TAMS 0x0000000099700000, 0x0000000099700000|
| 172|0x0000000099800000, 0x0000000099800000, 0x0000000099900000|  0%| F|  |TS 49|AC  0|TAMS 0x0000000099800000, 0x0000000099800000|
| 173|0x0000000099900000, 0x0000000099900000, 0x0000000099a00000|  0%| F|  |TS 47|AC  0|TAMS 0x0000000099900000, 0x0000000099900000|
| 174|0x0000000099a00000, 0x0000000099a00000, 0x0000000099b00000|  0%| F|  |TS 47|AC  0|TAMS 0x0000000099a00000, 0x0000000099a00000|
| 175|0x0000000099b00000, 0x0000000099b00000, 0x0000000099c00000|  0%| F|  |TS 51|AC  0|TAMS 0x0000000099b00000, 0x0000000099b00000|
| 176|0x0000000099c00000, 0x0000000099c00000, 0x0000000099d00000|  0%| F|  |TS 53|AC  0|TAMS 0x0000000099c00000, 0x0000000099c00000|
| 177|0x0000000099d00000, 0x0000000099d00000, 0x0000000099e00000|  0%| F|  |TS 51|AC  0|TAMS 0x0000000099d00000, 0x0000000099d00000|
| 178|0x0000000099e00000, 0x0000000099e00000, 0x0000000099f00000|  0%| F|  |TS 55|AC  0|TAMS 0x0000000099e00000, 0x0000000099e00000|
| 179|0x0000000099f00000, 0x0000000099f00000, 0x000000009a000000|  0%| F|  |TS 53|AC  0|TAMS 0x0000000099f00000, 0x0000000099f00000|
| 180|0x000000009a000000, 0x000000009a000000, 0x000000009a100000|  0%| F|  |TS 57|AC  0|TAMS 0x000000009a000000, 0x000000009a000000|
| 181|0x000000009a100000, 0x000000009a100000, 0x000000009a200000|  0%| F|  |TS 55|AC  0|TAMS 0x000000009a100000, 0x000000009a100000|
| 182|0x000000009a200000, 0x000000009a200000, 0x000000009a300000|  0%| F|  |TS 57|AC  0|TAMS 0x000000009a200000, 0x000000009a200000|
| 183|0x000000009a300000, 0x000000009a300000, 0x000000009a400000|  0%| F|  |TS 59|AC  0|TAMS 0x000000009a300000, 0x000000009a300000|
| 184|0x000000009a400000, 0x000000009a400000, 0x000000009a500000|  0%| F|  |TS 59|AC  0|TAMS 0x000000009a400000, 0x000000009a400000|
| 185|0x000000009a500000, 0x000000009a500000, 0x000000009a600000|  0%| F|  |TS 57|AC  0|TAMS 0x000000009a500000, 0x000000009a500000|
| 186|0x000000009a600000, 0x000000009a600000, 0x000000009a700000|  0%| F|  |TS 57|AC  0|TAMS 0x000000009a600000, 0x000000009a600000|
| 187|0x000000009a700000, 0x000000009a700000, 0x000000009a800000|  0%| F|  |TS 57|AC  0|TAMS 0x000000009a700000, 0x000000009a700000|
| 188|0x000000009a800000, 0x000000009a800000, 0x000000009a900000|  0%| F|  |TS 57|AC  0|TAMS 0x000000009a800000, 0x000000009a800000|
| 189|0x000000009a900000, 0x000000009a900000, 0x000000009aa00000|  0%| F|  |TS 57|AC  0|TAMS 0x000000009a900000, 0x000000009a900000|
| 190|0x000000009aa00000, 0x000000009aa00000, 0x000000009ab00000|  0%| F|  |TS 57|AC  0|TAMS 0x000000009aa00000, 0x000000009aa00000|
| 191|0x000000009ab00000, 0x000000009ab00000, 0x000000009ac00000|  0%| F|  |TS 57|AC  0|TAMS 0x000000009ab00000, 0x000000009ab00000|
| 192|0x000000009ac00000, 0x000000009ac00000, 0x000000009ad00000|  0%| F|  |TS 57|AC  0|TAMS 0x000000009ac00000, 0x000000009ac00000|
| 193|0x000000009ad00000, 0x000000009ad00000, 0x000000009ae00000|  0%| F|  |TS 57|AC  0|TAMS 0x000000009ad00000, 0x000000009ad00000|
| 194|0x000000009ae00000, 0x000000009ae00000, 0x000000009af00000|  0%| F|  |TS 57|AC  0|TAMS 0x000000009ae00000, 0x000000009ae00000|
| 195|0x000000009af00000, 0x000000009af00000, 0x000000009b000000|  0%| F|  |TS 57|AC  0|TAMS 0x000000009af00000, 0x000000009af00000|
| 196|0x000000009b000000, 0x000000009b000000, 0x000000009b100000|  0%| F|  |TS 57|AC  0|TAMS 0x000000009b000000, 0x000000009b000000|
| 197|0x000000009b100000, 0x000000009b100000, 0x000000009b200000|  0%| F|  |TS 57|AC  0|TAMS 0x000000009b100000, 0x000000009b100000|
| 198|0x000000009b200000, 0x000000009b200000, 0x000000009b300000|  0%| F|  |TS 57|AC  0|TAMS 0x000000009b200000, 0x000000009b200000|
| 199|0x000000009b300000, 0x000000009b300000, 0x000000009b400000|  0%| F|  |TS 57|AC  0|TAMS 0x000000009b300000, 0x000000009b300000|
| 200|0x000000009b400000, 0x000000009b400000, 0x000000009b500000|  0%| F|  |TS 63|AC  0|TAMS 0x000000009b400000, 0x000000009b400000|
| 201|0x000000009b500000, 0x000000009b500000, 0x000000009b600000|  0%| F|  |TS 63|AC  0|TAMS 0x000000009b500000, 0x000000009b500000|
| 202|0x000000009b600000, 0x000000009b600000, 0x000000009b700000|  0%| F|  |TS 63|AC  0|TAMS 0x000000009b600000, 0x000000009b600000|
| 203|0x000000009b700000, 0x000000009b700000, 0x000000009b800000|  0%| F|  |TS 63|AC  0|TAMS 0x000000009b700000, 0x000000009b700000|
| 204|0x000000009b800000, 0x000000009b800000, 0x000000009b900000|  0%| F|  |TS 61|AC  0|TAMS 0x000000009b800000, 0x000000009b800000|
| 205|0x000000009b900000, 0x000000009b900000, 0x000000009ba00000|  0%| F|  |TS 61|AC  0|TAMS 0x000000009b900000, 0x000000009b900000|
| 206|0x000000009ba00000, 0x000000009ba00000, 0x000000009bb00000|  0%| F|  |TS 61|AC  0|TAMS 0x000000009ba00000, 0x000000009ba00000|
| 207|0x000000009bb00000, 0x000000009bb00000, 0x000000009bc00000|  0%| F|  |TS 61|AC  0|TAMS 0x000000009bb00000, 0x000000009bb00000|
| 208|0x000000009bc00000, 0x000000009bc00000, 0x000000009bd00000|  0%| F|  |TS 61|AC  0|TAMS 0x000000009bc00000, 0x000000009bc00000|
| 209|0x000000009bd00000, 0x000000009bd00000, 0x000000009be00000|  0%| F|  |TS 61|AC  0|TAMS 0x000000009bd00000, 0x000000009bd00000|
| 210|0x000000009be00000, 0x000000009bf00000, 0x000000009bf00000|100%| S|CS|TS 65|AC  0|TAMS 0x000000009be00000, 0x000000009be00000|
| 211|0x000000009bf00000, 0x000000009c000000, 0x000000009c000000|100%| S|CS|TS 65|AC  0|TAMS 0x000000009bf00000, 0x000000009bf00000|
| 212|0x000000009c000000, 0x000000009c100000, 0x000000009c100000|100%| S|CS|TS 65|AC  0|TAMS 0x000000009c000000, 0x000000009c000000|
| 213|0x000000009c100000, 0x000000009c200000, 0x000000009c200000|100%| S|CS|TS 65|AC  0|TAMS 0x000000009c100000, 0x000000009c100000|
| 214|0x000000009c200000, 0x000000009c200000, 0x000000009c300000|  0%| F|  |TS 65|AC  0|TAMS 0x000000009c200000, 0x000000009c200000|
| 215|0x000000009c300000, 0x000000009c300000, 0x000000009c400000|  0%| F|  |TS 65|AC  0|TAMS 0x000000009c300000, 0x000000009c300000|
| 216|0x000000009c400000, 0x000000009c400000, 0x000000009c500000|  0%| F|  |TS 65|AC  0|TAMS 0x000000009c400000, 0x000000009c400000|
| 217|0x000000009c500000, 0x000000009c500000, 0x000000009c600000|  0%| F|  |TS 65|AC  0|TAMS 0x000000009c500000, 0x000000009c500000|
| 218|0x000000009c600000, 0x000000009c600000, 0x000000009c700000|  0%| F|  |TS 65|AC  0|TAMS 0x000000009c600000, 0x000000009c600000|
| 219|0x000000009c700000, 0x000000009c700000, 0x000000009c800000|  0%| F|  |TS 65|AC  0|TAMS 0x000000009c700000, 0x000000009c700000|
| 220|0x000000009c800000, 0x000000009c800000, 0x000000009c900000|  0%| F|  |TS 65|AC  0|TAMS 0x000000009c800000, 0x000000009c800000|
| 221|0x000000009c900000, 0x000000009c900000, 0x000000009ca00000|  0%| F|  |TS 65|AC  0|TAMS 0x000000009c900000, 0x000000009c900000|
| 222|0x000000009ca00000, 0x000000009ca00000, 0x000000009cb00000|  0%| F|  |TS 65|AC  0|TAMS 0x000000009ca00000, 0x000000009ca00000|
| 223|0x000000009cb00000, 0x000000009cb00000, 0x000000009cc00000|  0%| F|  |TS 65|AC  0|TAMS 0x000000009cb00000, 0x000000009cb00000|
| 224|0x000000009cc00000, 0x000000009cc00000, 0x000000009cd00000|  0%| F|  |TS 65|AC  0|TAMS 0x000000009cc00000, 0x000000009cc00000|
| 225|0x000000009cd00000, 0x000000009cd00000, 0x000000009ce00000|  0%| F|  |TS 65|AC  0|TAMS 0x000000009cd00000, 0x000000009cd00000|
| 226|0x000000009ce00000, 0x000000009ce00000, 0x000000009cf00000|  0%| F|  |TS 65|AC  0|TAMS 0x000000009ce00000, 0x000000009ce00000|
| 227|0x000000009cf00000, 0x000000009cf00000, 0x000000009d000000|  0%| F|  |TS 65|AC  0|TAMS 0x000000009cf00000, 0x000000009cf00000|
| 228|0x000000009d000000, 0x000000009d000000, 0x000000009d100000|  0%| F|  |TS 65|AC  0|TAMS 0x000000009d000000, 0x000000009d000000|
| 229|0x000000009d100000, 0x000000009d100000, 0x000000009d200000|  0%| F|  |TS 65|AC  0|TAMS 0x000000009d100000, 0x000000009d100000|
| 230|0x000000009d200000, 0x000000009d200000, 0x000000009d300000|  0%| F|  |TS 65|AC  0|TAMS 0x000000009d200000, 0x000000009d200000|
| 231|0x000000009d300000, 0x000000009d300000, 0x000000009d400000|  0%| F|  |TS 65|AC  0|TAMS 0x000000009d300000, 0x000000009d300000|
| 232|0x000000009d400000, 0x000000009d400000, 0x000000009d500000|  0%| F|  |TS 65|AC  0|TAMS 0x000000009d400000, 0x000000009d400000|
| 233|0x000000009d500000, 0x000000009d500000, 0x000000009d600000|  0%| F|  |TS 65|AC  0|TAMS 0x000000009d500000, 0x000000009d500000|
| 234|0x000000009d600000, 0x000000009d600000, 0x000000009d700000|  0%| F|  |TS 65|AC  0|TAMS 0x000000009d600000, 0x000000009d600000|
| 235|0x000000009d700000, 0x000000009d700000, 0x000000009d800000|  0%| F|  |TS 65|AC  0|TAMS 0x000000009d700000, 0x000000009d700000|
| 236|0x000000009d800000, 0x000000009d800000, 0x000000009d900000|  0%| F|  |TS 65|AC  0|TAMS 0x000000009d800000, 0x000000009d800000|
| 237|0x000000009d900000, 0x000000009d900000, 0x000000009da00000|  0%| F|  |TS 65|AC  0|TAMS 0x000000009d900000, 0x000000009d900000|
| 238|0x000000009da00000, 0x000000009da00000, 0x000000009db00000|  0%| F|  |TS 65|AC  0|TAMS 0x000000009da00000, 0x000000009da00000|
| 239|0x000000009db00000, 0x000000009db00000, 0x000000009dc00000|  0%| F|  |TS 65|AC  0|TAMS 0x000000009db00000, 0x000000009db00000|

Card table byte_map: [0x00007f824542f000,0x00007f82457b9000] byte_map_base: 0x00007f8244fb9000

Marking Bits (Prev, Next): (CMBitMap*) 0x00007f826005deb0, (CMBitMap*) 0x00007f826005dee8
 Prev Bits: [0x00007f821e3b0000, 0x00007f8220000000)
 Next Bits: [0x00007f821c760000, 0x00007f821e3b0000)

Polling page: 0x00007f8268e55000

CodeHeap 'non-profiled nmethods': size=238948Kb used=10596Kb max_used=10596Kb free=228352Kb
 bounds [0x00007f82461ea000, 0x00007f8246c4a000, 0x00007f8254b43000]
CodeHeap 'non-nmethods': size=6812Kb used=2442Kb max_used=2442Kb free=4370Kb
 bounds [0x00007f8245b43000, 0x00007f8245db3000, 0x00007f82461ea000]
 total_blobs=6817 nmethods=6194 adapters=462
 compilation: enabled

Compilation events (10 events):
Event: 86.716 Thread 0x00007f8260183000 6261       1       org.HdrHistogram.WriterReaderPhaser::writerCriticalSectionEnter (8 bytes)
Event: 86.716 Thread 0x00007f8260183000 nmethod 6261 0x00007f8246c42690 code [0x00007f8246c42840, 0x00007f8246c429e8]
Event: 86.716 Thread 0x00007f8260183000 6262       1       org.LatencyUtils.LatencyStats::trackRecordingInterval (13 bytes)
Event: 86.716 Thread 0x00007f8260183000 nmethod 6262 0x00007f8246c42a90 code [0x00007f8246c42c40, 0x00007f8246c42d88]
Event: 86.716 Thread 0x00007f8260183000 6263       1       org.LatencyUtils.TimeCappedMovingAverageIntervalEstimator::recordInterval (7 bytes)
Event: 86.716 Thread 0x00007f8260183000 nmethod 6263 0x00007f8246c42e10 code [0x00007f8246c42fc0, 0x00007f8246c43130]
Event: 86.864 Thread 0x00007f8260183000 6264       1       java.util.Collections$UnmodifiableList::equals (24 bytes)
Event: 86.864 Thread 0x00007f8260181000 6265       1       java.lang.Math::abs (13 bytes)
Event: 86.864 Thread 0x00007f8260183000 nmethod 6264 0x00007f8246c43290 code [0x00007f8246c43440, 0x00007f8246c435a8]
Event: 86.864 Thread 0x00007f8260181000 nmethod 6265 0x00007f8246c43610 code [0x00007f8246c437c0, 0x00007f8246c438d0]

GC Heap History (10 events):
Event: 86.996 GC heap after
{Heap after GC invocations=65 (full 0):
 garbage-first heap   total 204800K, used 164253K [0x000000008ec00000, 0x000000008ed00640, 0x0000000100000000)
  region size 1024K, 2 young (2048K), 2 survivors (2048K)
 Metaspace       used 51427K, capacity 55378K, committed 55452K, reserved 1097728K
  class space    used 6679K, capacity 7311K, committed 7324K, reserved 1048576K
}
Event: 87.110 GC heap before
{Heap before GC invocations=65 (full 0):
 garbage-first heap   total 204800K, used 179613K [0x000000008ec00000, 0x000000008ed00640, 0x0000000100000000)
  region size 1024K, 17 young (17408K), 2 survivors (2048K)
 Metaspace       used 51427K, capacity 55378K, committed 55452K, reserved 1097728K
  class space    used 6679K, capacity 7311K, committed 7324K, reserved 1048576K
}
Event: 87.118 GC heap after
{Heap after GC invocations=66 (full 0):
 garbage-first heap   total 245760K, used 165583K [0x000000008ec00000, 0x000000008ed00780, 0x0000000100000000)
  region size 1024K, 2 young (2048K), 2 survivors (2048K)
 Metaspace       used 51427K, capacity 55378K, committed 55452K, reserved 1097728K
  class space    used 6679K, capacity 7311K, committed 7324K, reserved 1048576K
}
Event: 89.107 GC heap before
{Heap before GC invocations=66 (full 0):
 garbage-first heap   total 245760K, used 198351K [0x000000008ec00000, 0x000000008ed00780, 0x0000000100000000)
  region size 1024K, 34 young (34816K), 2 survivors (2048K)
 Metaspace       used 51427K, capacity 55378K, committed 55452K, reserved 1097728K
  class space    used 6679K, capacity 7311K, committed 7324K, reserved 1048576K
}
Event: 89.117 GC heap after
{Heap after GC invocations=67 (full 0):
 garbage-first heap   total 245760K, used 168228K [0x000000008ec00000, 0x000000008ed00780, 0x0000000100000000)
  region size 1024K, 4 young (4096K), 4 survivors (4096K)
 Metaspace       used 51427K, capacity 55378K, committed 55452K, reserved 1097728K
  class space    used 6679K, capacity 7311K, committed 7324K, reserved 1048576K
}
Event: 89.345 GC heap before
{Heap before GC invocations=67 (full 0):
 garbage-first heap   total 245760K, used 200996K [0x000000008ec00000, 0x000000008ed00780, 0x0000000100000000)
  region size 1024K, 36 young (36864K), 4 survivors (4096K)
 Metaspace       used 51427K, capacity 55378K, committed 55452K, reserved 1097728K
  class space    used 6679K, capacity 7311K, committed 7324K, reserved 1048576K
}
Event: 89.988 GC heap after
{Heap after GC invocations=68 (full 0):
 garbage-first heap   total 245760K, used 171364K [0x000000008ec00000, 0x000000008ed00780, 0x0000000100000000)
  region size 1024K, 4 young (4096K), 4 survivors (4096K)
 Metaspace       used 51427K, capacity 55378K, committed 55452K, reserved 1097728K
  class space    used 6679K, capacity 7311K, committed 7324K, reserved 1048576K
}
Event: 90.129 GC heap before
{Heap before GC invocations=68 (full 0):
 garbage-first heap   total 245760K, used 190820K [0x000000008ec00000, 0x000000008ed00780, 0x0000000100000000)
  region size 1024K, 23 young (23552K), 4 survivors (4096K)
 Metaspace       used 51427K, capacity 55378K, committed 55452K, reserved 1097728K
  class space    used 6679K, capacity 7311K, committed 7324K, reserved 1048576K
}
Event: 90.195 GC heap after
{Heap after GC invocations=69 (full 0):
 garbage-first heap   total 245760K, used 173769K [0x000000008ec00000, 0x000000008ed00780, 0x0000000100000000)
  region size 1024K, 3 young (3072K), 3 survivors (3072K)
 Metaspace       used 51427K, capacity 55378K, committed 55452K, reserved 1097728K
  class space    used 6679K, capacity 7311K, committed 7324K, reserved 1048576K
}
Event: 90.571 GC heap before
{Heap before GC invocations=69 (full 0):
 garbage-first heap   total 245760K, used 197321K [0x000000008ec00000, 0x000000008ed00780, 0x0000000100000000)
  region size 1024K, 26 young (26624K), 3 survivors (3072K)
 Metaspace       used 51429K, capacity 55378K, committed 55452K, reserved 1097728K
  class space    used 6679K, capacity 7311K, committed 7324K, reserved 1048576K
}

Deoptimization events (0 events):
No events

Classes redefined (0 events):
No events

Internal exceptions (10 events):
Event: 68.916 Thread 0x00007f81d09a4000 Exception <a 'java/lang/ClassNotFoundException'{0x0000000098633d00}: org/springframework/context/support/ApplicationObjectSupportCustomizer> (0x0000000098633d00) thrown at [/scratch/opt/mach5/mesos/work_dir/slaves/5af44a71-976a-41b7-81de-5773b84ec572-S396
Event: 68.916 Thread 0x00007f81d09a4000 Exception <a 'java/lang/ClassNotFoundException'{0x0000000098655420}: org/springframework/web/context/support/WebApplicationObjectSupportCustomizer> (0x0000000098655420) thrown at [/scratch/opt/mach5/mesos/work_dir/slaves/5af44a71-976a-41b7-81de-5773b84ec5
Event: 68.917 Thread 0x00007f81d09a4000 Exception <a 'java/lang/ClassNotFoundException'{0x0000000098670270}: org/thymeleaf/spring5/view/AbstractThymeleafViewCustomizer> (0x0000000098670270) thrown at [/scratch/opt/mach5/mesos/work_dir/slaves/5af44a71-976a-41b7-81de-5773b84ec572-S39643/framework
Event: 68.917 Thread 0x00007f81d09a4000 Exception <a 'java/lang/ClassNotFoundException'{0x00000000986920e0}: org/thymeleaf/spring5/view/ThymeleafViewCustomizer> (0x00000000986920e0) thrown at [/scratch/opt/mach5/mesos/work_dir/slaves/5af44a71-976a-41b7-81de-5773b84ec572-S39643/frameworks/1735e8
Event: 68.918 Thread 0x00007f81d09a4000 Exception <a 'java/lang/ClassNotFoundException'{0x00000000986b2c98}: org/springframework/web/servlet/ViewCustomizer> (0x00000000986b2c98) thrown at [/scratch/opt/mach5/mesos/work_dir/slaves/5af44a71-976a-41b7-81de-5773b84ec572-S39643/frameworks/1735e8a2-a
Event: 68.918 Thread 0x00007f81d09a4000 Exception <a 'java/lang/ClassNotFoundException'{0x00000000986cd180}: org/springframework/beans/factory/BeanNameAwareCustomizer> (0x00000000986cd180) thrown at [/scratch/opt/mach5/mesos/work_dir/slaves/5af44a71-976a-41b7-81de-5773b84ec572-S39643/frameworks
Event: 68.919 Thread 0x00007f81d09a4000 Exception <a 'java/lang/ClassNotFoundException'{0x00000000986e82c0}: org/springframework/web/context/ServletContextAwareCustomizer> (0x00000000986e82c0) thrown at [/scratch/opt/mach5/mesos/work_dir/slaves/5af44a71-976a-41b7-81de-5773b84ec572-S39643/framew
Event: 68.919 Thread 0x00007f81d09a4000 Exception <a 'java/lang/ClassNotFoundException'{0x0000000098503a18}: org/springframework/context/ApplicationContextAwareCustomizer> (0x0000000098503a18) thrown at [/scratch/opt/mach5/mesos/work_dir/slaves/5af44a71-976a-41b7-81de-5773b84ec572-S39643/framew
Event: 68.922 Thread 0x00007f81d09a4000 Exception <a 'java/lang/NoSuchMethodError'{0x000000009853fb20}: java.lang.invoke.DirectMethodHandle$Holder.invokeVirtual(Ljava/lang/Object;Ljava/lang/Object;Ljava/lang/Object;Ljava/lang/Object;)V> (0x000000009853fb20) thrown at [/scratch/opt/mach5/mesos/w
Event: 69.654 Thread 0x00007f81d09a4000 Exception <a 'java/lang/NoSuchMethodError'{0x000000009674a4a8}: java.lang.invoke.DirectMethodHandle$Holder.invokeSpecial(Ljava/lang/Object;Ljava/lang/Object;J)V> (0x000000009674a4a8) thrown at [/scratch/opt/mach5/mesos/work_dir/slaves/5af44a71-976a-41b7-8

Events (10 events):
Event: 90.381 Executing VM operation: RevokeBias done
Event: 90.381 Executing VM operation: RevokeBias
Event: 90.381 Executing VM operation: RevokeBias done
Event: 90.381 Executing VM operation: RevokeBias
Event: 90.381 Executing VM operation: RevokeBias done
Event: 90.381 Executing VM operation: RevokeBias
Event: 90.381 Executing VM operation: RevokeBias done
Event: 90.382 Executing VM operation: RevokeBias
Event: 90.382 Executing VM operation: RevokeBias done
Event: 90.571 Executing VM operation: G1IncCollectionPause


Dynamic libraries:
00400000-00401000 r-xp 00000000 08:01 49289091                           /usr/lib/jvm/java-9-oracle/bin/java
00600000-00601000 rw-p 00000000 08:01 49289091                           /usr/lib/jvm/java-9-oracle/bin/java
018d2000-018f3000 rw-p 00000000 00:00 0                                  [heap]
8ec00000-9dc00000 rw-p 00000000 00:00 0 
bbc00000-100000000 ---p 00000000 00:00 0 
100000000-100727000 rw-p 00000000 00:00 0 
100727000-140000000 ---p 00000000 00:00 0 
7f81c0000000-7f81c0386000 rw-p 00000000 00:00 0 
7f81c0386000-7f81c4000000 ---p 00000000 00:00 0 
7f81c4000000-7f81c4666000 rw-p 00000000 00:00 0 
7f81c4666000-7f81c8000000 ---p 00000000 00:00 0 
7f81c8b8e000-7f81c8c8e000 rw-p 00000000 00:00 0 
7f81c8c8e000-7f81c8d8e000 ---p 00000000 00:00 0 
7f81c8d8e000-7f81c8d92000 ---p 00000000 00:00 0 
7f81c8d92000-7f81c8e8f000 rw-p 00000000 00:00 0 
7f81c8e8f000-7f81c8e93000 ---p 00000000 00:00 0 
7f81c8e93000-7f81c8f90000 rw-p 00000000 00:00 0 
7f81c8f90000-7f81c8f94000 ---p 00000000 00:00 0 
7f81c8f94000-7f81c9091000 rw-p 00000000 00:00 0 
7f81c9091000-7f81c9095000 ---p 00000000 00:00 0 
7f81c9095000-7f81c9192000 rw-p 00000000 00:00 0 
7f81c9192000-7f81c9196000 ---p 00000000 00:00 0 
7f81c9196000-7f81c9293000 rw-p 00000000 00:00 0 
7f81c9293000-7f81c9297000 ---p 00000000 00:00 0 
7f81c9297000-7f81c9394000 rw-p 00000000 00:00 0 
7f81c9394000-7f81c9398000 ---p 00000000 00:00 0 
7f81c9398000-7f81c9495000 rw-p 00000000 00:00 0 
7f81c9495000-7f81c9499000 ---p 00000000 00:00 0 
7f81c9499000-7f81c9596000 rw-p 00000000 00:00 0 
7f81c9596000-7f81c959a000 ---p 00000000 00:00 0 
7f81c959a000-7f81c9697000 rw-p 00000000 00:00 0 
7f81c9697000-7f81c969b000 ---p 00000000 00:00 0 
7f81c969b000-7f81c9798000 rw-p 00000000 00:00 0 
7f81c9798000-7f81c979c000 ---p 00000000 00:00 0 
7f81c979c000-7f81c9899000 rw-p 00000000 00:00 0 
7f81c9899000-7f81c989d000 ---p 00000000 00:00 0 
7f81c989d000-7f81c999a000 rw-p 00000000 00:00 0 
7f81c999a000-7f81c999e000 ---p 00000000 00:00 0 
7f81c999e000-7f81c9a9b000 rw-p 00000000 00:00 0 
7f81c9a9b000-7f81c9a9f000 ---p 00000000 00:00 0 
7f81c9a9f000-7f81c9d9c000 rw-p 00000000 00:00 0 
7f81c9d9c000-7f81c9da0000 ---p 00000000 00:00 0 
7f81c9da0000-7f81ca09d000 rw-p 00000000 00:00 0 
7f81ca09d000-7f81ca29d000 rw-p 00000000 00:00 0 
7f81ca29d000-7f81ca2a1000 ---p 00000000 00:00 0 
7f81ca2a1000-7f81ca39e000 rw-p 00000000 00:00 0 
7f81ca39e000-7f81ca3a2000 ---p 00000000 00:00 0 
7f81ca3a2000-7f81ca69f000 rw-p 00000000 00:00 0 
7f81ca69f000-7f81ca6a3000 ---p 00000000 00:00 0 
7f81ca6a3000-7f81ca7a0000 rw-p 00000000 00:00 0 
7f81ca7a0000-7f81ca7a4000 ---p 00000000 00:00 0 
7f81ca7a4000-7f81caaa1000 rw-p 00000000 00:00 0 
7f81caaa1000-7f81caca1000 rw-p 00000000 00:00 0 
7f81caca1000-7f81caca5000 ---p 00000000 00:00 0 
7f81caca5000-7f81cada2000 rw-p 00000000 00:00 0 
7f81cada2000-7f81cada6000 ---p 00000000 00:00 0 
7f81cada6000-7f81caea3000 rw-p 00000000 00:00 0 
7f81caea3000-7f81caee0000 r-xp 00000000 08:01 49680568                   /usr/lib/jvm/java-9-oracle/lib/libsunec.so
7f81caee0000-7f81cb0e0000 ---p 0003d000 08:01 49680568                   /usr/lib/jvm/java-9-oracle/lib/libsunec.so
7f81cb0e0000-7f81cb0e7000 rw-p 0003d000 08:01 49680568                   /usr/lib/jvm/java-9-oracle/lib/libsunec.so
7f81cb0e7000-7f81cb0f8000 rw-p 00000000 00:00 0 
7f81cb0ff000-7f81cb2ff000 rw-p 00000000 00:00 0 
7f81cb2ff000-7f81cb4ff000 rw-p 00000000 00:00 0 
7f81cb4ff000-7f81cb6ff000 rw-p 00000000 00:00 0 
7f81cb6ff000-7f81cb8ff000 rw-p 00000000 00:00 0 
7f81cb8ff000-7f81cbaff000 rw-p 00000000 00:00 0 
7f81cbaff000-7f81cbb03000 ---p 00000000 00:00 0 
7f81cbb03000-7f81cbe00000 rw-p 00000000 00:00 0 
7f81cbe00000-7f81cc000000 rw-p 00000000 00:00 0 
7f81cc000000-7f81cc021000 rw-p 00000000 00:00 0 
7f81cc021000-7f81d0000000 ---p 00000000 00:00 0 
7f81d0000000-7f81d09f7000 rw-p 00000000 00:00 0 
7f81d09f7000-7f81d4000000 ---p 00000000 00:00 0 
7f81d4000000-7f81d4021000 rw-p 00000000 00:00 0 
7f81d4021000-7f81d8000000 ---p 00000000 00:00 0 
7f81d8000000-7f81d8021000 rw-p 00000000 00:00 0 
7f81d8021000-7f81dc000000 ---p 00000000 00:00 0 
7f81dc000000-7f81dc021000 rw-p 00000000 00:00 0 
7f81dc021000-7f81e0000000 ---p 00000000 00:00 0 
7f81e0000000-7f81e0021000 rw-p 00000000 00:00 0 
7f81e0021000-7f81e4000000 ---p 00000000 00:00 0 
7f81e4000000-7f81e40c0000 rw-p 00000000 00:00 0 
7f81e40c0000-7f81e8000000 ---p 00000000 00:00 0 
7f81e8000000-7f81e8039000 rw-p 00000000 00:00 0 
7f81e8039000-7f81ec000000 ---p 00000000 00:00 0 
7f81ec000000-7f81ec021000 rw-p 00000000 00:00 0 
7f81ec021000-7f81f0000000 ---p 00000000 00:00 0 
7f81f0000000-7f81f0021000 rw-p 00000000 00:00 0 
7f81f0021000-7f81f4000000 ---p 00000000 00:00 0 
7f81f4000000-7f81f421f000 rw-p 00000000 00:00 0 
7f81f421f000-7f81f8000000 ---p 00000000 00:00 0 
7f81f8000000-7f81f8208000 rw-p 00000000 00:00 0 
7f81f8208000-7f81fc000000 ---p 00000000 00:00 0 
7f81fc000000-7f81fc021000 rw-p 00000000 00:00 0 
7f81fc021000-7f8200000000 ---p 00000000 00:00 0 
7f8200000000-7f8200492000 rw-p 00000000 00:00 0 
7f8200492000-7f8204000000 ---p 00000000 00:00 0 
7f8204000000-7f8204021000 rw-p 00000000 00:00 0 
7f8204021000-7f8208000000 ---p 00000000 00:00 0 
7f8208000000-7f8208021000 rw-p 00000000 00:00 0 
7f8208021000-7f820c000000 ---p 00000000 00:00 0 
7f820c000000-7f820c3e3000 rw-p 00000000 00:00 0 
7f820c3e3000-7f8210000000 ---p 00000000 00:00 0 
7f8210000000-7f8210021000 rw-p 00000000 00:00 0 
7f8210021000-7f8214000000 ---p 00000000 00:00 0 
7f82140bc000-7f82142bc000 rw-p 00000000 00:00 0 
7f82142bc000-7f82144bc000 rw-p 00000000 00:00 0 
7f82144bc000-7f82146bc000 rw-p 00000000 00:00 0 
7f82146bc000-7f82146c0000 ---p 00000000 00:00 0 
7f82146c0000-7f82147bd000 rw-p 00000000 00:00 0 
7f82147bd000-7f82147c1000 ---p 00000000 00:00 0 
7f82147c1000-7f82148be000 rw-p 00000000 00:00 0 
7f82148be000-7f82148c2000 ---p 00000000 00:00 0 
7f82148c2000-7f8214bbf000 rw-p 00000000 00:00 0 
7f8214bbf000-7f8214bc0000 ---p 00000000 00:00 0 
7f8214bc0000-7f8214cc0000 rw-p 00000000 00:00 0 
7f8214cc0000-7f8214cc4000 ---p 00000000 00:00 0 
7f8214cc4000-7f8214fc1000 rw-p 00000000 00:00 0 
7f8214fc1000-7f8214fc5000 ---p 00000000 00:00 0 
7f8214fc5000-7f82150c2000 rw-p 00000000 00:00 0 
7f82150c2000-7f82150c6000 ---p 00000000 00:00 0 
7f82150c6000-7f82153c3000 rw-p 00000000 00:00 0 
7f82153c3000-7f82153c8000 r-xp 00000000 08:01 49680550                   /usr/lib/jvm/java-9-oracle/lib/libmanagement_ext.so
7f82153c8000-7f82155c7000 ---p 00005000 08:01 49680550                   /usr/lib/jvm/java-9-oracle/lib/libmanagement_ext.so
7f82155c7000-7f82155c8000 rw-p 00004000 08:01 49680550                   /usr/lib/jvm/java-9-oracle/lib/libmanagement_ext.so
7f82155cb000-7f82155cf000 r-xp 00000000 08:01 49680552                   /usr/lib/jvm/java-9-oracle/lib/libmanagement.so
7f82155cf000-7f82157ce000 ---p 00004000 08:01 49680552                   /usr/lib/jvm/java-9-oracle/lib/libmanagement.so
7f82157ce000-7f82157cf000 rw-p 00003000 08:01 49680552                   /usr/lib/jvm/java-9-oracle/lib/libmanagement.so
7f82157d0000-7f82157d4000 ---p 00000000 00:00 0 
7f82157d4000-7f82158d1000 rw-p 00000000 00:00 0 
7f82158d1000-7f82158d5000 ---p 00000000 00:00 0 
7f82158d5000-7f82159d2000 rw-p 00000000 00:00 0 
7f82159d2000-7f82159d6000 ---p 00000000 00:00 0 
7f82159d6000-7f8215ad3000 rw-p 00000000 00:00 0 
7f8215ad3000-7f8215ae9000 r-xp 00000000 08:01 49680511                   /usr/lib/jvm/java-9-oracle/lib/libnet.so
7f8215ae9000-7f8215ce9000 ---p 00016000 08:01 49680511                   /usr/lib/jvm/java-9-oracle/lib/libnet.so
7f8215ce9000-7f8215cea000 rw-p 00016000 08:01 49680511                   /usr/lib/jvm/java-9-oracle/lib/libnet.so
7f8215ceb000-7f8215cfb000 r-xp 00000000 08:01 49680557                   /usr/lib/jvm/java-9-oracle/lib/libnio.so
7f8215cfb000-7f8215efb000 ---p 00010000 08:01 49680557                   /usr/lib/jvm/java-9-oracle/lib/libnio.so
7f8215efb000-7f8215efc000 rw-p 00010000 08:01 49680557                   /usr/lib/jvm/java-9-oracle/lib/libnio.so
7f8215eff000-7f8215f03000 ---p 00000000 00:00 0 
7f8215f03000-7f8216000000 rw-p 00000000 00:00 0 
7f8216000000-7f8218000000 rwxp 00000000 00:00 0 
7f8218000000-7f8218021000 rw-p 00000000 00:00 0 
7f8218021000-7f821c000000 ---p 00000000 00:00 0 
7f821c07f000-7f821c083000 ---p 00000000 00:00 0 
7f821c083000-7f821c180000 rw-p 00000000 00:00 0 
7f821c180000-7f821c184000 ---p 00000000 00:00 0 
7f821c184000-7f821c281000 rw-p 00000000 00:00 0 
7f821c281000-7f821c285000 ---p 00000000 00:00 0 
7f821c285000-7f821c382000 rw-p 00000000 00:00 0 
7f821c382000-7f821c386000 ---p 00000000 00:00 0 
7f821c386000-7f821c483000 rw-p 00000000 00:00 0 
7f821c483000-7f821c75f000 r--p 00000000 08:01 49152655                   /usr/lib/locale/locale-archive
7f821c760000-7f821cb20000 rw-p 00000000 00:00 0 
7f821cb20000-7f821e3b0000 ---p 00000000 00:00 0 
7f821e3b0000-7f821e770000 rw-p 00000000 00:00 0 
7f821e770000-7f8220000000 ---p 00000000 00:00 0 
7f8220000000-7f8220042000 rw-p 00000000 00:00 0 
7f8220042000-7f8224000000 ---p 00000000 00:00 0 
7f8224000000-7f8224021000 rw-p 00000000 00:00 0 
7f8224021000-7f8228000000 ---p 00000000 00:00 0 
7f8228000000-7f8228021000 rw-p 00000000 00:00 0 
7f8228021000-7f822c000000 ---p 00000000 00:00 0 
7f822c000000-7f822c021000 rw-p 00000000 00:00 0 
7f822c021000-7f8230000000 ---p 00000000 00:00 0 
7f8230000000-7f8230067000 rw-p 00000000 00:00 0 
7f8230067000-7f8234000000 ---p 00000000 00:00 0 
7f8234000000-7f8234021000 rw-p 00000000 00:00 0 
7f8234021000-7f8238000000 ---p 00000000 00:00 0 
7f8238000000-7f8238060000 rw-p 00000000 00:00 0 
7f8238060000-7f823c000000 ---p 00000000 00:00 0 
7f823c000000-7f823c058000 rw-p 00000000 00:00 0 
7f823c058000-7f8240000000 ---p 00000000 00:00 0 
7f8240000000-7f824004b000 rw-p 00000000 00:00 0 
7f824004b000-7f8244000000 ---p 00000000 00:00 0 
7f8244027000-7f824402b000 ---p 00000000 00:00 0 
7f824402b000-7f8244128000 rw-p 00000000 00:00 0 
7f8244128000-7f824412c000 ---p 00000000 00:00 0 
7f824412c000-7f8244229000 rw-p 00000000 00:00 0 
7f8244229000-7f824422a000 ---p 00000000 00:00 0 
7f824422a000-7f8244ba0000 rw-p 00000000 00:00 0 
7f8244ba0000-7f8244fa4000 rw-p 00000000 00:00 0 
7f8244fa4000-7f8244fa5000 ---p 00000000 00:00 0 
7f8244fa5000-7f824511d000 rw-p 00000000 00:00 0 
7f824511d000-7f824542f000 ---p 00000000 00:00 0 
7f824542f000-7f82454a7000 rw-p 00000000 00:00 0 
7f82454a7000-7f8245b43000 ---p 00000000 00:00 0 
7f8245b43000-7f8245db3000 rwxp 00000000 00:00 0 
7f8245db3000-7f82461ea000 ---p 00000000 00:00 0 
7f82461ea000-7f8246c4a000 rwxp 00000000 00:00 0 
7f8246c4a000-7f8254b43000 ---p 00000000 00:00 0 
7f8254b43000-7f8260000000 r--s 00000000 08:01 49680538                   /usr/lib/jvm/java-9-oracle/lib/modules
7f8260000000-7f8260b86000 rw-p 00000000 00:00 0 
7f8260b86000-7f8264000000 ---p 00000000 00:00 0 
7f8264065000-7f82640c0000 rw-p 00000000 00:00 0 
7f82640c0000-7f82640c1000 ---p 00000000 00:00 0 
7f82640c1000-7f8264239000 rw-p 00000000 00:00 0 
7f8264239000-7f826454b000 ---p 00000000 00:00 0 
7f826454b000-7f826454c000 ---p 00000000 00:00 0 
7f826454c000-7f826464c000 rw-p 00000000 00:00 0 
7f826464c000-7f826464d000 ---p 00000000 00:00 0 
7f826464d000-7f826474d000 rw-p 00000000 00:00 0 
7f826474d000-7f826474e000 ---p 00000000 00:00 0 
7f826474e000-7f826484e000 rw-p 00000000 00:00 0 
7f826484e000-7f826484f000 ---p 00000000 00:00 0 
7f826484f000-7f826494f000 rw-p 00000000 00:00 0 
7f826494f000-7f8264950000 ---p 00000000 00:00 0 
7f8264950000-7f8264e54000 rw-p 00000000 00:00 0 
7f8264e54000-7f8264e55000 ---p 00000000 00:00 0 
7f8264e55000-7f8264f55000 rw-p 00000000 00:00 0 
7f8264f55000-7f8264f56000 ---p 00000000 00:00 0 
7f8264f56000-7f8265056000 rw-p 00000000 00:00 0 
7f8265056000-7f8265057000 ---p 00000000 00:00 0 
7f8265057000-7f8265157000 rw-p 00000000 00:00 0 
7f8265157000-7f8265158000 ---p 00000000 00:00 0 
7f8265158000-7f826526d000 rw-p 00000000 00:00 0 
7f826526d000-7f826542b000 ---p 00000000 00:00 0 
7f826542b000-7f8265445000 r-xp 00000000 08:01 49680487                   /usr/lib/jvm/java-9-oracle/lib/libjimage.so
7f8265445000-7f8265644000 ---p 0001a000 08:01 49680487                   /usr/lib/jvm/java-9-oracle/lib/libjimage.so
7f8265644000-7f8265646000 rw-p 00019000 08:01 49680487                   /usr/lib/jvm/java-9-oracle/lib/libjimage.so
7f8265646000-7f8265658000 rw-p 00000000 00:00 0 
7f826565b000-7f8265662000 r-xp 00000000 08:01 49680565                   /usr/lib/jvm/java-9-oracle/lib/libzip.so
7f8265662000-7f8265861000 ---p 00007000 08:01 49680565                   /usr/lib/jvm/java-9-oracle/lib/libzip.so
7f8265861000-7f8265862000 rw-p 00006000 08:01 49680565                   /usr/lib/jvm/java-9-oracle/lib/libzip.so
7f8265863000-7f826586e000 r-xp 00000000 08:01 47186170                   /lib/x86_64-linux-gnu/libnss_files-2.26.so
7f826586e000-7f8265a6d000 ---p 0000b000 08:01 47186170                   /lib/x86_64-linux-gnu/libnss_files-2.26.so
7f8265a6d000-7f8265a6e000 r--p 0000a000 08:01 47186170                   /lib/x86_64-linux-gnu/libnss_files-2.26.so
7f8265a6e000-7f8265a6f000 rw-p 0000b000 08:01 47186170                   /lib/x86_64-linux-gnu/libnss_files-2.26.so
7f8265a6f000-7f8265a75000 rw-p 00000000 00:00 0 
7f8265a7b000-7f8265a86000 r-xp 00000000 08:01 47186172                   /lib/x86_64-linux-gnu/libnss_nis-2.26.so
7f8265a86000-7f8265c85000 ---p 0000b000 08:01 47186172                   /lib/x86_64-linux-gnu/libnss_nis-2.26.so
7f8265c85000-7f8265c86000 r--p 0000a000 08:01 47186172                   /lib/x86_64-linux-gnu/libnss_nis-2.26.so
7f8265c86000-7f8265c87000 rw-p 0000b000 08:01 47186172                   /lib/x86_64-linux-gnu/libnss_nis-2.26.so
7f8265c8b000-7f8265ca2000 r-xp 00000000 08:01 47186167                   /lib/x86_64-linux-gnu/libnsl-2.26.so
7f8265ca2000-7f8265ea1000 ---p 00017000 08:01 47186167                   /lib/x86_64-linux-gnu/libnsl-2.26.so
7f8265ea1000-7f8265ea2000 r--p 00016000 08:01 47186167                   /lib/x86_64-linux-gnu/libnsl-2.26.so
7f8265ea2000-7f8265ea3000 rw-p 00017000 08:01 47186167                   /lib/x86_64-linux-gnu/libnsl-2.26.so
7f8265ea3000-7f8265ea5000 rw-p 00000000 00:00 0 
7f8265eab000-7f8265eb3000 r-xp 00000000 08:01 47186168                   /lib/x86_64-linux-gnu/libnss_compat-2.26.so
7f8265eb3000-7f82660b2000 ---p 00008000 08:01 47186168                   /lib/x86_64-linux-gnu/libnss_compat-2.26.so
7f82660b2000-7f82660b3000 r--p 00007000 08:01 47186168                   /lib/x86_64-linux-gnu/libnss_compat-2.26.so
7f82660b3000-7f82660b4000 rw-p 00008000 08:01 47186168                   /lib/x86_64-linux-gnu/libnss_compat-2.26.so
7f82660bb000-7f82660c5000 r-xp 00000000 08:01 49680502                   /usr/lib/jvm/java-9-oracle/lib/libinstrument.so
7f82660c5000-7f82662c4000 ---p 0000a000 08:01 49680502                   /usr/lib/jvm/java-9-oracle/lib/libinstrument.so
7f82662c4000-7f82662c5000 rw-p 00009000 08:01 49680502                   /usr/lib/jvm/java-9-oracle/lib/libinstrument.so
7f82662cb000-7f82662f6000 r-xp 00000000 08:01 49680504                   /usr/lib/jvm/java-9-oracle/lib/libjava.so
7f82662f6000-7f82664f5000 ---p 0002b000 08:01 49680504                   /usr/lib/jvm/java-9-oracle/lib/libjava.so
7f82664f5000-7f82664f7000 rw-p 0002a000 08:01 49680504                   /usr/lib/jvm/java-9-oracle/lib/libjava.so
7f82664fb000-7f8266508000 r-xp 00000000 08:01 49680523                   /usr/lib/jvm/java-9-oracle/lib/libverify.so
7f8266508000-7f8266707000 ---p 0000d000 08:01 49680523                   /usr/lib/jvm/java-9-oracle/lib/libverify.so
7f8266707000-7f8266709000 rw-p 0000c000 08:01 49680523                   /usr/lib/jvm/java-9-oracle/lib/libverify.so
7f826670b000-7f8266712000 r-xp 00000000 08:01 47186177                   /lib/x86_64-linux-gnu/librt-2.26.so
7f8266712000-7f8266911000 ---p 00007000 08:01 47186177                   /lib/x86_64-linux-gnu/librt-2.26.so
7f8266911000-7f8266912000 r--p 00006000 08:01 47186177                   /lib/x86_64-linux-gnu/librt-2.26.so
7f8266912000-7f8266913000 rw-p 00007000 08:01 47186177                   /lib/x86_64-linux-gnu/librt-2.26.so
7f8266913000-7f8266a68000 r-xp 00000000 08:01 47186020                   /lib/x86_64-linux-gnu/libm-2.26.so
7f8266a68000-7f8266c67000 ---p 00155000 08:01 47186020                   /lib/x86_64-linux-gnu/libm-2.26.so
7f8266c67000-7f8266c68000 r--p 00154000 08:01 47186020                   /lib/x86_64-linux-gnu/libm-2.26.so
7f8266c68000-7f8266c69000 rw-p 00155000 08:01 47186020                   /lib/x86_64-linux-gnu/libm-2.26.so
7f8266c6b000-7f8267c80000 r-xp 00000000 08:01 50332758                   /usr/lib/jvm/java-9-oracle/lib/server/libjvm.so
7f8267c80000-7f8267e7f000 ---p 01015000 08:01 50332758                   /usr/lib/jvm/java-9-oracle/lib/server/libjvm.so
7f8267e7f000-7f8267f50000 r--p 01014000 08:01 50332758                   /usr/lib/jvm/java-9-oracle/lib/server/libjvm.so
7f8267f50000-7f8267f87000 rw-p 010e5000 08:01 50332758                   /usr/lib/jvm/java-9-oracle/lib/server/libjvm.so
7f8267f87000-7f8267ff0000 rw-p 00000000 00:00 0 
7f8267ff3000-7f82681c9000 r-xp 00000000 08:01 47186004                   /lib/x86_64-linux-gnu/libc-2.26.so
7f82681c9000-7f82683c9000 ---p 001d6000 08:01 47186004                   /lib/x86_64-linux-gnu/libc-2.26.so
7f82683c9000-7f82683cd000 r--p 001d6000 08:01 47186004                   /lib/x86_64-linux-gnu/libc-2.26.so
7f82683cd000-7f82683cf000 rw-p 001da000 08:01 47186004                   /lib/x86_64-linux-gnu/libc-2.26.so
7f82683cf000-7f82683d3000 rw-p 00000000 00:00 0 
7f82683d3000-7f82683d6000 r-xp 00000000 08:01 47186009                   /lib/x86_64-linux-gnu/libdl-2.26.so
7f82683d6000-7f82685d5000 ---p 00003000 08:01 47186009                   /lib/x86_64-linux-gnu/libdl-2.26.so
7f82685d5000-7f82685d6000 r--p 00002000 08:01 47186009                   /lib/x86_64-linux-gnu/libdl-2.26.so
7f82685d6000-7f82685d7000 rw-p 00003000 08:01 47186009                   /lib/x86_64-linux-gnu/libdl-2.26.so
7f82685db000-7f82685e9000 r-xp 00000000 08:01 50332763                   /usr/lib/jvm/java-9-oracle/lib/jli/libjli.so
7f82685e9000-7f82687e9000 ---p 0000e000 08:01 50332763                   /usr/lib/jvm/java-9-oracle/lib/jli/libjli.so
7f82687e9000-7f82687ea000 rw-p 0000e000 08:01 50332763                   /usr/lib/jvm/java-9-oracle/lib/jli/libjli.so
7f82687eb000-7f8268805000 r-xp 00000000 08:01 47186175                   /lib/x86_64-linux-gnu/libpthread-2.26.so
7f8268805000-7f8268a04000 ---p 0001a000 08:01 47186175                   /lib/x86_64-linux-gnu/libpthread-2.26.so
7f8268a04000-7f8268a05000 r--p 00019000 08:01 47186175                   /lib/x86_64-linux-gnu/libpthread-2.26.so
7f8268a05000-7f8268a06000 rw-p 0001a000 08:01 47186175                   /lib/x86_64-linux-gnu/libpthread-2.26.so
7f8268a06000-7f8268a0a000 rw-p 00000000 00:00 0 
7f8268a0b000-7f8268a27000 r-xp 00000000 08:01 47190609                   /lib/x86_64-linux-gnu/libz.so.1.2.11
7f8268a27000-7f8268c26000 ---p 0001c000 08:01 47190609                   /lib/x86_64-linux-gnu/libz.so.1.2.11
7f8268c26000-7f8268c27000 r--p 0001b000 08:01 47190609                   /lib/x86_64-linux-gnu/libz.so.1.2.11
7f8268c27000-7f8268c28000 rw-p 0001c000 08:01 47190609                   /lib/x86_64-linux-gnu/libz.so.1.2.11
7f8268c2b000-7f8268c52000 r-xp 00000000 08:01 47185936                   /lib/x86_64-linux-gnu/ld-2.26.so
7f8268c79000-7f8268d2d000 rw-p 00000000 00:00 0 
7f8268d2d000-7f8268d36000 ---p 00000000 00:00 0 
7f8268d36000-7f8268d37000 ---p 00000000 00:00 0 
7f8268d37000-7f8268d3b000 ---p 00000000 00:00 0 
7f8268d3b000-7f8268e3b000 rw-p 00000000 00:00 0 
7f8268e43000-7f8268e4b000 rw-s 00000000 08:01 16517219                   /tmp/hsperfdata_ayub/9588
7f8268e50000-7f8268e52000 rw-p 00000000 00:00 0 
7f8268e52000-7f8268e53000 r--p 00027000 08:01 47185936                   /lib/x86_64-linux-gnu/ld-2.26.so
7f8268e53000-7f8268e54000 rw-p 00028000 08:01 47185936                   /lib/x86_64-linux-gnu/ld-2.26.so
7f8268e54000-7f8268e55000 rw-p 00000000 00:00 0 
7f8268e55000-7f8268e56000 ---p 00000000 00:00 0 
7ffc5ba7f000-7ffc5baa2000 rw-p 00000000 00:00 0                          [stack]
7ffc5bbf3000-7ffc5bbf6000 r--p 00000000 00:00 0                          [vvar]
7ffc5bbf6000-7ffc5bbf8000 r-xp 00000000 00:00 0                          [vdso]
ffffffffff600000-ffffffffff601000 r-xp 00000000 00:00 0                  [vsyscall]

VM Arguments:
jvm_args: -Ddebug -XX:TieredStopAtLevel=1 -Xverify:none -Dspring.output.ansi.enabled=always -Dcom.sun.management.jmxremote -Dcom.sun.management.jmxremote.port=42231 -Dcom.sun.management.jmxremote.authenticate=false -Dcom.sun.management.jmxremote.ssl=false -Djava.rmi.server.hostname=localhost -Dspring.liveBeansView.mbeanDomain -Dspring.application.admin.enabled=true -javaagent:/opt/IntelliJ/idea-IU-173.4548.28/lib/idea_rt.jar=44285:/opt/IntelliJ/idea-IU-173.4548.28/bin -Dfile.encoding=UTF-8 
java_command: com.iknowaguy.ApiApplication
java_class_path (initial): /home/ayub/Projects/api/target/classes:/home/ayub/.IntelliJIdea2017.3/config/javascript/extLibs/http_code.jquery.com_jquery-2.0.0.js:/usr/local/lib/node_modules:/home/ayub/.m2/repository/org/springframework/boot/spring-boot-starter-actuator/2.0.1.BUILD-SNAPSHOT/spring-boot-starter-actuator-2.0.1.BUILD-20180306.193346-27.jar:/home/ayub/.m2/repository/org/springframework/boot/spring-boot-starter/2.0.1.BUILD-SNAPSHOT/spring-boot-starter-2.0.1.BUILD-20180306.193416-27.jar:/home/ayub/.m2/repository/org/springframework/boot/spring-boot-starter-logging/2.0.1.BUILD-SNAPSHOT/spring-boot-starter-logging-2.0.1.BUILD-20180306.193407-27.jar:/home/ayub/.m2/repository/ch/qos/logback/logback-classic/1.2.3/logback-classic-1.2.3.jar:/home/ayub/.m2/repository/ch/qos/logback/logback-core/1.2.3/logback-core-1.2.3.jar:/home/ayub/.m2/repository/org/apache/logging/log4j/log4j-to-slf4j/2.10.0/log4j-to-slf4j-2.10.0.jar:/home/ayub/.m2/repository/org/apache/logging/log4j/log4j-api/2.10.0/log4j-api-2.10.0.jar:/home/ayub/.m2/repository/org/slf4j/jul-to-slf4j/1.7.25/jul-to-slf4j-1.7.25.jar:/home/ayub/.m2/repository/javax/annotation/javax.annotation-api/1.3.2/javax.annotation-api-1.3.2.jar:/home/ayub/.m2/repository/org/yaml/snakeyaml/1.19/snakeyaml-1.19.jar:/home/ayub/.m2/repository/org/springframework/boot/spring-boot-actuator-autoconfigure/2.0.1.BUILD-SNAPSHOT/spring-boot-actuator-autoconfigure-2.0.1.BUILD-20180306.193322-27.jar:/home/ayub/.m2/repository/org/springframework/boot/spring-boot-actuator/2.0.1.BUILD-SNAPSHOT/spring-boot-actuator-2.0.1.BUILD-20180306.193324-27.jar:/home/ayub/.m2/repository/com/fasterxml/jackson/core/jackson-databind/2.9.4/jackson-databind-2.9.4.jar:/home/ayub/.m2/repository/com/fasterxml/jackson/core/jackson-core/2.9.4/jackson-core-2.9.4.jar:/home/ayub/.m2/repository/org/springframework/spring-context/5.0.5.BUILD-SNAPSHOT/spring-context-5.0.5.BUILD-20180307.000752-49.jar:/home/ayub/.m2/repository/com/fasterxml/jackson/datatype/jackson-data
Launcher Type: SUN_STANDARD

Logging:
Log output configuration:
#0: stdout all=warning uptime,level,tags
#1: stderr all=off uptime,level,tags

Environment Variables:
JAVA_HOME=/usr/lib/jvm/java-9-oracle
PATH=/opt/spring-boot/spring-boot-1.5.9.RELEASE/bin:/usr/local/sbin:/usr/local/bin:/usr/sbin:/usr/bin:/sbin:/bin:/usr/games:/usr/local/games:/snap/bin:/usr/lib/jvm/java-9-oracle/bin:/usr/lib/jvm/java-9-oracle/db/bin
USERNAME=ayub
SHELL=/bin/bash
DISPLAY=:0

Signal Handlers:
SIGSEGV: [libjvm.so+0xd4d370], sa_mask[0]=11111111011111111101111111111110, sa_flags=SA_RESTART|SA_SIGINFO
SIGBUS: [libjvm.so+0xd4d370], sa_mask[0]=11111111011111111101111111111110, sa_flags=SA_RESTART|SA_SIGINFO
SIGFPE: [libjvm.so+0xd4d370], sa_mask[0]=11111111011111111101111111111110, sa_flags=SA_RESTART|SA_SIGINFO
SIGPIPE: [libjvm.so+0xb64780], sa_mask[0]=11111111011111111101111111111110, sa_flags=SA_RESTART|SA_SIGINFO
SIGXFSZ: [libjvm.so+0xb64780], sa_mask[0]=11111111011111111101111111111110, sa_flags=SA_RESTART|SA_SIGINFO
SIGILL: [libjvm.so+0xd4d370], sa_mask[0]=11111111011111111101111111111110, sa_flags=SA_RESTART|SA_SIGINFO
SIGUSR2: [libjvm.so+0xb64640], sa_mask[0]=00100000000000000000000000000000, sa_flags=SA_RESTART|SA_SIGINFO
SIGHUP: [libjvm.so+0xb64850], sa_mask[0]=11111111011111111101111111111110, sa_flags=SA_RESTART|SA_SIGINFO
SIGINT: [libjvm.so+0xb64850], sa_mask[0]=11111111011111111101111111111110, sa_flags=SA_RESTART|SA_SIGINFO
SIGTERM: [libjvm.so+0xb64850], sa_mask[0]=11111111011111111101111111111110, sa_flags=SA_RESTART|SA_SIGINFO
SIGQUIT: [libjvm.so+0xb64850], sa_mask[0]=11111111011111111101111111111110, sa_flags=SA_RESTART|SA_SIGINFO


---------------  S Y S T E M  ---------------

OS:DISTRIB_ID=Ubuntu
DISTRIB_RELEASE=17.10
DISTRIB_CODENAME=artful
DISTRIB_DESCRIPTION="Ubuntu 17.10"
uname:Linux 4.13.0-36-generic #40-Ubuntu SMP Fri Feb 16 20:07:48 UTC 2018 x86_64
libc:glibc 2.26 NPTL 2.26 
rlimit: STACK 8192k, CORE 0k, NPROC 28510, NOFILE 1048576, AS infinity
load average:4.64 5.56 4.24

/proc/meminfo:
MemTotal:        7418920 kB
MemFree:          124420 kB
MemAvailable:     178012 kB
Buffers:           65588 kB
Cached:           419060 kB
SwapCached:        33524 kB
Active:          5897692 kB
Inactive:         920908 kB
Active(anon):    5777148 kB
Inactive(anon):   824652 kB
Active(file):     120544 kB
Inactive(file):    96256 kB
Unevictable:         236 kB
Mlocked:             236 kB
SwapTotal:       2097148 kB
SwapFree:             48 kB
Dirty:               440 kB
Writeback:          1116 kB
AnonPages:       6302232 kB
Mapped:           372276 kB
Shmem:            281020 kB
Slab:             192024 kB
SReclaimable:     116328 kB
SUnreclaim:        75696 kB
KernelStack:       29584 kB
PageTables:       138068 kB
NFS_Unstable:          0 kB
Bounce:                0 kB
WritebackTmp:          0 kB
CommitLimit:     5806608 kB
Committed_AS:   23509972 kB
VmallocTotal:   34359738367 kB
VmallocUsed:           0 kB
VmallocChunk:          0 kB
HardwareCorrupted:     0 kB
AnonHugePages:         0 kB
ShmemHugePages:        0 kB
ShmemPmdMapped:        0 kB
CmaTotal:              0 kB
CmaFree:               0 kB
HugePages_Total:       0
HugePages_Free:        0
HugePages_Rsvd:        0
HugePages_Surp:        0
Hugepagesize:       2048 kB
DirectMap4k:     1520932 kB
DirectMap2M:     6039552 kB
DirectMap1G:           0 kB


CPU:total 4 (initial active 4) (4 cores per cpu, 1 threads per core) family 21 model 19 stepping 1, cmov, cx8, fxsr, mmx, sse, sse2, sse3, ssse3, sse4.1, sse4.2, popcnt, avx, aes, clmul, mmxext, 3dnowpref, lzcnt, sse4a, tsc, tscinvbit, tscinv, bmi1
CPU Model and flags from /proc/cpuinfo:
model name	: AMD A10-6800K APU with Radeon(tm) HD Graphics
flags		: fpu vme de pse tsc msr pae mce cx8 apic sep mtrr pge mca cmov pat pse36 clflush mmx fxsr sse sse2 ht syscall nx mmxext fxsr_opt pdpe1gb rdtscp lm constant_tsc rep_good nopl nonstop_tsc cpuid extd_apicid aperfmperf pni pclmulqdq monitor ssse3 fma cx16 sse4_1 sse4_2 popcnt aes xsave avx f16c lahf_lm cmp_legacy svm extapic cr8_legacy abm sse4a misalignsse 3dnowprefetch osvw ibs xop skinit wdt lwp fma4 tce nodeid_msr tbm topoext perfctr_core perfctr_nb cpb hw_pstate retpoline retpoline_amd rsb_ctxsw vmmcall bmi1 arat npt lbrv svm_lock nrip_save tsc_scale vmcb_clean flushbyasid decodeassists pausefilter pfthreshold

Memory: 4k page, physical 7418920k(124420k free), swap 2097148k(48k free)

vm_info: Java HotSpot(TM) 64-Bit Server VM (9.0.4+11) for linux-amd64 JRE (9.0.4+11), built on Dec 19 2017 18:12:19 by "mach5one" with gcc 4.9.2

END.
